<?xml version="1.0" encoding="UTF-8"?>
<!-- Generated by org.testng.reporters.JUnitXMLReporter -->
<testsuite hostname="DESKTOP-25I7L6M" ignored="0" name="Surefire test" tests="10" failures="0" timestamp="2021-02-07T10:23:41 IST" time="1399.213" errors="0">
  <testcase name="@BeforeMethod setup" time="609.466" classname="com.crm.qa.testcases.ContactsPageTest">
    <failure type="org.openqa.selenium.SessionNotCreatedException" message="session not created
from timeout: Timed out receiving message from renderer: 600.000
  (Session info: chrome=88.0.4324.150)
Build info: version: &amp;apos;3.141.59&amp;apos;, revision: &amp;apos;e82be7d358&amp;apos;, time: &amp;apos;2018-11-14T08:17:03&amp;apos;
System info: host: &amp;apos;DESKTOP-25I7L6M&amp;apos;, ip: &amp;apos;192.168.43.132&amp;apos;, os.name: &amp;apos;Windows 10&amp;apos;, os.arch: &amp;apos;amd64&amp;apos;, os.version: &amp;apos;10.0&amp;apos;, java.version: &amp;apos;1.8.0_251&amp;apos;
Driver info: driver.version: ChromeDriver
remote stacktrace: Backtrace:
	GetHandleVerifier [0x008BB963+483]
	GetHandleVerifier [0x008BB941+449]
	GetHandleVerifier [0x00C63308+3832712]
	GetHandleVerifier [0x00C5778C+3784716]
	GetHandleVerifier [0x00C56A47+3781319]
	GetHandleVerifier [0x00C56E36+3782326]
	GetHandleVerifier [0x00C56765+3780581]
	GetHandleVerifier [0x00C5FB21+3818401]
	GetHandleVerifier [0x00C56721+3780513]
	GetHandleVerifier [0x00C574B2+3783986]
	GetHandleVerifier [0x00C56A47+3781319]
	GetHandleVerifier [0x00C56E36+3782326]
	GetHandleVerifier [0x00C56765+3780581]
	GetHandleVerifier [0x00C5DF9C+3811356]
	GetHandleVerifier [0x00C56721+3780513]
	GetHandleVerifier [0x00C574B2+3783986]
	GetHandleVerifier [0x00C56A47+3781319]
	GetHandleVerifier [0x00C56E36+3782326]
	GetHandleVerifier [0x00C56765+3780581]
	GetHandleVerifier [0x00C5C392+3804178]
	GetHandleVerifier [0x00C56721+3780513]
	GetHandleVerifier [0x00C574B2+3783986]
	GetHandleVerifier [0x00C56A47+3781319]
	GetHandleVerifier [0x00C56E36+3782326]
	GetHandleVerifier [0x00C56765+3780581]
	GetHandleVerifier [0x00C5B655+3800789]
	GetHandleVerifier [0x00C56721+3780513]
	GetHandleVerifier [0x00C574B2+3783986]
	GetHandleVerifier [0x00C56A47+3781319]
	GetHandleVerifier [0x00C56E36+3782326]
	GetHandleVerifier [0x00C56765+3780581]
	GetHandleVerifier [0x00C52F46+3766214]
	GetHandleVerifier [0x00C56721+3780513]
	GetHandleVerifier [0x00C56543+3780035]
	GetHandleVerifier [0x00C56337+3779511]
	GetHandleVerifier [0x00C64540+3837376]
	GetHandleVerifier [0x00C9F4BC+4078908]
	GetHandleVerifier [0x00C9E56C+4074988]
	GetHandleVerifier [0x00C9B2EB+4062059]
	GetHandleVerifier [0x00C7ED14+3945876]
	GetHandleVerifier [0x00C7FBCE+3949646]
	GetHandleVerifier [0x00C7FB59+3949529]
	Ordinal0 [0x0087B5CC+46540]
	Ordinal0 [0x00879F53+40787]
	Ordinal0 [0x00879B12+39698]
	GetHandleVerifier [0x00B81468+2907368]
	GetHandleVerifier [0x009C71EE+1096302]
	GetHandleVerifier [0x00983E8D+821005]
	GetHandleVerifier [0x0098396B+819691]
	GetHandleVerifier [0x00983881+819457]
	GetHandleVerifier [0x009AF463+998627]
	BaseThreadInitThunk [0x75ABFA29+25]
	RtlGetAppContainerNamedObjectPath [0x77C476B4+228]
	RtlGetAppContainerNamedObjectPath [0x77C47684+180]
">
      <![CDATA[org.openqa.selenium.SessionNotCreatedException: session not created
from timeout: Timed out receiving message from renderer: 600.000
  (Session info: chrome=88.0.4324.150)
Build info: version: '3.141.59', revision: 'e82be7d358', time: '2018-11-14T08:17:03'
System info: host: 'DESKTOP-25I7L6M', ip: '192.168.43.132', os.name: 'Windows 10', os.arch: 'amd64', os.version: '10.0', java.version: '1.8.0_251'
Driver info: driver.version: ChromeDriver
remote stacktrace: Backtrace:
GetHandleVerifier [0x008BB963+483]
GetHandleVerifier [0x008BB941+449]
GetHandleVerifier [0x00C63308+3832712]
GetHandleVerifier [0x00C5778C+3784716]
GetHandleVerifier [0x00C56A47+3781319]
GetHandleVerifier [0x00C56E36+3782326]
GetHandleVerifier [0x00C56765+3780581]
GetHandleVerifier [0x00C5FB21+3818401]
GetHandleVerifier [0x00C56721+3780513]
GetHandleVerifier [0x00C574B2+3783986]
GetHandleVerifier [0x00C56A47+3781319]
GetHandleVerifier [0x00C56E36+3782326]
GetHandleVerifier [0x00C56765+3780581]
GetHandleVerifier [0x00C5DF9C+3811356]
GetHandleVerifier [0x00C56721+3780513]
GetHandleVerifier [0x00C574B2+3783986]
GetHandleVerifier [0x00C56A47+3781319]
GetHandleVerifier [0x00C56E36+3782326]
GetHandleVerifier [0x00C56765+3780581]
GetHandleVerifier [0x00C5C392+3804178]
GetHandleVerifier [0x00C56721+3780513]
GetHandleVerifier [0x00C574B2+3783986]
GetHandleVerifier [0x00C56A47+3781319]
GetHandleVerifier [0x00C56E36+3782326]
GetHandleVerifier [0x00C56765+3780581]
GetHandleVerifier [0x00C5B655+3800789]
GetHandleVerifier [0x00C56721+3780513]
GetHandleVerifier [0x00C574B2+3783986]
GetHandleVerifier [0x00C56A47+3781319]
GetHandleVerifier [0x00C56E36+3782326]
GetHandleVerifier [0x00C56765+3780581]
GetHandleVerifier [0x00C52F46+3766214]
GetHandleVerifier [0x00C56721+3780513]
GetHandleVerifier [0x00C56543+3780035]
GetHandleVerifier [0x00C56337+3779511]
GetHandleVerifier [0x00C64540+3837376]
GetHandleVerifier [0x00C9F4BC+4078908]
GetHandleVerifier [0x00C9E56C+4074988]
GetHandleVerifier [0x00C9B2EB+4062059]
GetHandleVerifier [0x00C7ED14+3945876]
GetHandleVerifier [0x00C7FBCE+3949646]
GetHandleVerifier [0x00C7FB59+3949529]
Ordinal0 [0x0087B5CC+46540]
Ordinal0 [0x00879F53+40787]
Ordinal0 [0x00879B12+39698]
GetHandleVerifier [0x00B81468+2907368]
GetHandleVerifier [0x009C71EE+1096302]
GetHandleVerifier [0x00983E8D+821005]
GetHandleVerifier [0x0098396B+819691]
GetHandleVerifier [0x00983881+819457]
GetHandleVerifier [0x009AF463+998627]
BaseThreadInitThunk [0x75ABFA29+25]
RtlGetAppContainerNamedObjectPath [0x77C476B4+228]
RtlGetAppContainerNamedObjectPath [0x77C47684+180]

at org.openqa.selenium.remote.W3CHandshakeResponse.lambda$errorHandler$0(W3CHandshakeResponse.java:62)
at org.openqa.selenium.remote.HandshakeResponse.lambda$getResponseFunction$0(HandshakeResponse.java:30)
at org.openqa.selenium.remote.ProtocolHandshake.lambda$createSession$0(ProtocolHandshake.java:126)
at java.util.stream.ReferencePipeline$3$1.accept(ReferencePipeline.java:193)
at java.util.Spliterators$ArraySpliterator.tryAdvance(Spliterators.java:958)
at java.util.stream.ReferencePipeline.forEachWithCancel(ReferencePipeline.java:126)
at java.util.stream.AbstractPipeline.copyIntoWithCancel(AbstractPipeline.java:499)
at java.util.stream.AbstractPipeline.copyInto(AbstractPipeline.java:486)
at java.util.stream.AbstractPipeline.wrapAndCopyInto(AbstractPipeline.java:472)
at java.util.stream.FindOps$FindOp.evaluateSequential(FindOps.java:152)
at java.util.stream.AbstractPipeline.evaluate(AbstractPipeline.java:234)
at java.util.stream.ReferencePipeline.findFirst(ReferencePipeline.java:464)
at org.openqa.selenium.remote.ProtocolHandshake.createSession(ProtocolHandshake.java:128)
at org.openqa.selenium.remote.ProtocolHandshake.createSession(ProtocolHandshake.java:74)
at org.openqa.selenium.remote.HttpCommandExecutor.execute(HttpCommandExecutor.java:136)
at org.openqa.selenium.remote.service.DriverCommandExecutor.execute(DriverCommandExecutor.java:83)
at org.openqa.selenium.remote.RemoteWebDriver.execute(RemoteWebDriver.java:552)
at org.openqa.selenium.remote.RemoteWebDriver.startSession(RemoteWebDriver.java:213)
at org.openqa.selenium.remote.RemoteWebDriver.<init>(RemoteWebDriver.java:131)
at org.openqa.selenium.chrome.ChromeDriver.<init>(ChromeDriver.java:181)
at org.openqa.selenium.chrome.ChromeDriver.<init>(ChromeDriver.java:168)
at org.openqa.selenium.chrome.ChromeDriver.<init>(ChromeDriver.java:123)
at com.crm.qa.base.TestBase.initilization(TestBase.java:34)
at com.crm.qa.testcases.ContactsPageTest.setup(ContactsPageTest.java:30)
at java.util.ArrayList.forEach(ArrayList.java:1257)
... Removed 40 stack frames]]>
    </failure>
  </testcase> <!-- @BeforeMethod setup -->
  <testcase name="@AfterMethod tearDown" time="-1.612672964678E9" classname="com.crm.qa.testcases.ContactsPageTest">
    <skipped/>
  </testcase> <!-- @AfterMethod tearDown -->
  <testcase name="@BeforeMethod setup" time="-1.61267296468E9" classname="com.crm.qa.testcases.ContactsPageTest">
    <skipped/>
  </testcase> <!-- @BeforeMethod setup -->
  <testcase name="@AfterMethod tearDown" time="-1.612672964683E9" classname="com.crm.qa.testcases.ContactsPageTest">
    <skipped/>
  </testcase> <!-- @AfterMethod tearDown -->
  <testcase name="@BeforeMethod setup" time="606.154" classname="com.crm.qa.testcases.HomePageTest">
    <failure type="org.openqa.selenium.SessionNotCreatedException" message="session not created
from timeout: Timed out receiving message from renderer: 600.000
  (Session info: chrome=88.0.4324.150)
Build info: version: &amp;apos;3.141.59&amp;apos;, revision: &amp;apos;e82be7d358&amp;apos;, time: &amp;apos;2018-11-14T08:17:03&amp;apos;
System info: host: &amp;apos;DESKTOP-25I7L6M&amp;apos;, ip: &amp;apos;192.168.43.132&amp;apos;, os.name: &amp;apos;Windows 10&amp;apos;, os.arch: &amp;apos;amd64&amp;apos;, os.version: &amp;apos;10.0&amp;apos;, java.version: &amp;apos;1.8.0_251&amp;apos;
Driver info: driver.version: ChromeDriver
remote stacktrace: Backtrace:
	GetHandleVerifier [0x008BB963+483]
	GetHandleVerifier [0x008BB941+449]
	GetHandleVerifier [0x00C63308+3832712]
	GetHandleVerifier [0x00C5778C+3784716]
	GetHandleVerifier [0x00C56A47+3781319]
	GetHandleVerifier [0x00C56E36+3782326]
	GetHandleVerifier [0x00C56765+3780581]
	GetHandleVerifier [0x00C5C420+3804320]
	GetHandleVerifier [0x00C56721+3780513]
	GetHandleVerifier [0x00C574B2+3783986]
	GetHandleVerifier [0x00C56A47+3781319]
	GetHandleVerifier [0x00C56E36+3782326]
	GetHandleVerifier [0x00C56765+3780581]
	GetHandleVerifier [0x00C5B655+3800789]
	GetHandleVerifier [0x00C56721+3780513]
	GetHandleVerifier [0x00C574B2+3783986]
	GetHandleVerifier [0x00C56A47+3781319]
	GetHandleVerifier [0x00C56E36+3782326]
	GetHandleVerifier [0x00C56765+3780581]
	GetHandleVerifier [0x00C52F46+3766214]
	GetHandleVerifier [0x00C56721+3780513]
	GetHandleVerifier [0x00C56543+3780035]
	GetHandleVerifier [0x00C56337+3779511]
	GetHandleVerifier [0x00C64540+3837376]
	GetHandleVerifier [0x00C9F4BC+4078908]
	GetHandleVerifier [0x00C9E56C+4074988]
	GetHandleVerifier [0x00C9B2EB+4062059]
	GetHandleVerifier [0x00C7ED14+3945876]
	GetHandleVerifier [0x00C7FBCE+3949646]
	GetHandleVerifier [0x00C7FB59+3949529]
	Ordinal0 [0x0087B5CC+46540]
	Ordinal0 [0x00879F53+40787]
	Ordinal0 [0x00879B12+39698]
	GetHandleVerifier [0x00B81468+2907368]
	GetHandleVerifier [0x009C71EE+1096302]
	GetHandleVerifier [0x00983E8D+821005]
	GetHandleVerifier [0x0098396B+819691]
	GetHandleVerifier [0x00983881+819457]
	GetHandleVerifier [0x009AF463+998627]
	BaseThreadInitThunk [0x75ABFA29+25]
	RtlGetAppContainerNamedObjectPath [0x77C476B4+228]
	RtlGetAppContainerNamedObjectPath [0x77C47684+180]
">
      <![CDATA[org.openqa.selenium.SessionNotCreatedException: session not created
from timeout: Timed out receiving message from renderer: 600.000
  (Session info: chrome=88.0.4324.150)
Build info: version: '3.141.59', revision: 'e82be7d358', time: '2018-11-14T08:17:03'
System info: host: 'DESKTOP-25I7L6M', ip: '192.168.43.132', os.name: 'Windows 10', os.arch: 'amd64', os.version: '10.0', java.version: '1.8.0_251'
Driver info: driver.version: ChromeDriver
remote stacktrace: Backtrace:
GetHandleVerifier [0x008BB963+483]
GetHandleVerifier [0x008BB941+449]
GetHandleVerifier [0x00C63308+3832712]
GetHandleVerifier [0x00C5778C+3784716]
GetHandleVerifier [0x00C56A47+3781319]
GetHandleVerifier [0x00C56E36+3782326]
GetHandleVerifier [0x00C56765+3780581]
GetHandleVerifier [0x00C5C420+3804320]
GetHandleVerifier [0x00C56721+3780513]
GetHandleVerifier [0x00C574B2+3783986]
GetHandleVerifier [0x00C56A47+3781319]
GetHandleVerifier [0x00C56E36+3782326]
GetHandleVerifier [0x00C56765+3780581]
GetHandleVerifier [0x00C5B655+3800789]
GetHandleVerifier [0x00C56721+3780513]
GetHandleVerifier [0x00C574B2+3783986]
GetHandleVerifier [0x00C56A47+3781319]
GetHandleVerifier [0x00C56E36+3782326]
GetHandleVerifier [0x00C56765+3780581]
GetHandleVerifier [0x00C52F46+3766214]
GetHandleVerifier [0x00C56721+3780513]
GetHandleVerifier [0x00C56543+3780035]
GetHandleVerifier [0x00C56337+3779511]
GetHandleVerifier [0x00C64540+3837376]
GetHandleVerifier [0x00C9F4BC+4078908]
GetHandleVerifier [0x00C9E56C+4074988]
GetHandleVerifier [0x00C9B2EB+4062059]
GetHandleVerifier [0x00C7ED14+3945876]
GetHandleVerifier [0x00C7FBCE+3949646]
GetHandleVerifier [0x00C7FB59+3949529]
Ordinal0 [0x0087B5CC+46540]
Ordinal0 [0x00879F53+40787]
Ordinal0 [0x00879B12+39698]
GetHandleVerifier [0x00B81468+2907368]
GetHandleVerifier [0x009C71EE+1096302]
GetHandleVerifier [0x00983E8D+821005]
GetHandleVerifier [0x0098396B+819691]
GetHandleVerifier [0x00983881+819457]
GetHandleVerifier [0x009AF463+998627]
BaseThreadInitThunk [0x75ABFA29+25]
RtlGetAppContainerNamedObjectPath [0x77C476B4+228]
RtlGetAppContainerNamedObjectPath [0x77C47684+180]

at org.openqa.selenium.remote.W3CHandshakeResponse.lambda$errorHandler$0(W3CHandshakeResponse.java:62)
at org.openqa.selenium.remote.HandshakeResponse.lambda$getResponseFunction$0(HandshakeResponse.java:30)
at org.openqa.selenium.remote.ProtocolHandshake.lambda$createSession$0(ProtocolHandshake.java:126)
at java.util.stream.ReferencePipeline$3$1.accept(ReferencePipeline.java:193)
at java.util.Spliterators$ArraySpliterator.tryAdvance(Spliterators.java:958)
at java.util.stream.ReferencePipeline.forEachWithCancel(ReferencePipeline.java:126)
at java.util.stream.AbstractPipeline.copyIntoWithCancel(AbstractPipeline.java:499)
at java.util.stream.AbstractPipeline.copyInto(AbstractPipeline.java:486)
at java.util.stream.AbstractPipeline.wrapAndCopyInto(AbstractPipeline.java:472)
at java.util.stream.FindOps$FindOp.evaluateSequential(FindOps.java:152)
at java.util.stream.AbstractPipeline.evaluate(AbstractPipeline.java:234)
at java.util.stream.ReferencePipeline.findFirst(ReferencePipeline.java:464)
at org.openqa.selenium.remote.ProtocolHandshake.createSession(ProtocolHandshake.java:128)
at org.openqa.selenium.remote.ProtocolHandshake.createSession(ProtocolHandshake.java:74)
at org.openqa.selenium.remote.HttpCommandExecutor.execute(HttpCommandExecutor.java:136)
at org.openqa.selenium.remote.service.DriverCommandExecutor.execute(DriverCommandExecutor.java:83)
at org.openqa.selenium.remote.RemoteWebDriver.execute(RemoteWebDriver.java:552)
at org.openqa.selenium.remote.RemoteWebDriver.startSession(RemoteWebDriver.java:213)
at org.openqa.selenium.remote.RemoteWebDriver.<init>(RemoteWebDriver.java:131)
at org.openqa.selenium.chrome.ChromeDriver.<init>(ChromeDriver.java:181)
at org.openqa.selenium.chrome.ChromeDriver.<init>(ChromeDriver.java:168)
at org.openqa.selenium.chrome.ChromeDriver.<init>(ChromeDriver.java:123)
at com.crm.qa.base.TestBase.initilization(TestBase.java:34)
at com.crm.qa.testcases.HomePageTest.setup(HomePageTest.java:29)
at java.util.ArrayList.forEach(ArrayList.java:1257)
... Removed 40 stack frames]]>
    </failure>
  </testcase> <!-- @BeforeMethod setup -->
  <testcase name="@AfterMethod tearDown" time="-1.612673593698E9" classname="com.crm.qa.testcases.HomePageTest">
    <skipped/>
  </testcase> <!-- @AfterMethod tearDown -->
  <testcase name="@BeforeMethod setup" time="-1.6126735937E9" classname="com.crm.qa.testcases.HomePageTest">
    <skipped/>
  </testcase> <!-- @BeforeMethod setup -->
  <testcase name="@AfterMethod tearDown" time="-1.612673593701E9" classname="com.crm.qa.testcases.HomePageTest">
    <skipped/>
  </testcase> <!-- @AfterMethod tearDown -->
  <testcase name="verifyContactsPageLable" time="1.395" classname="com.crm.qa.testcases.ContactsPageTest"/>
  <testcase name="selectContactsTest" time="1.323" classname="com.crm.qa.testcases.ContactsPageTest"/>
  <testcase name="validateCreateNewContact" time="12.295" classname="com.crm.qa.testcases.ContactsPageTest"/>
  <testcase name="validateCreateNewContact" time="0.0" classname="com.crm.qa.testcases.ContactsPageTest">
    <skipped/>
  </testcase> <!-- validateCreateNewContact -->
  <testcase name="validateCreateNewContact" time="0.0" classname="com.crm.qa.testcases.ContactsPageTest">
    <skipped/>
  </testcase> <!-- validateCreateNewContact -->
  <testcase name="verifyHomePageTitleTest" time="0.077" classname="com.crm.qa.testcases.HomePageTest"/>
  <testcase name="verifyUserNameTest" time="0.0" classname="com.crm.qa.testcases.HomePageTest">
    <skipped/>
  </testcase> <!-- verifyUserNameTest -->
  <testcase name="verifyContactsLinkTest" time="0.0" classname="com.crm.qa.testcases.HomePageTest">
    <skipped/>
  </testcase> <!-- verifyContactsLinkTest -->
  <testcase name="loginPageTitleTest" time="0.016" classname="com.crm.qa.testcases.LoginPageTest"/>
  <testcase name="loginTest" time="1.291" classname="com.crm.qa.testcases.LoginPageTest"/>
</testsuite> <!-- Surefire test -->
