<?xml version="1.0" encoding="UTF-8"?>
<testng-results skipped="4" failed="0" ignored="0" total="10" passed="6">
  <reporter-output>
  </reporter-output>
  <suite name="Surefire suite" duration-ms="1399213" started-at="2021-02-07T10:00:22 IST" finished-at="2021-02-07T10:23:41 IST">
    <groups>
    </groups>
    <test name="Surefire test" duration-ms="1399213" started-at="2021-02-07T10:00:22 IST" finished-at="2021-02-07T10:23:41 IST">
      <class name="com.crm.qa.testcases.HomePageTest">
        <test-method status="PASS" signature="setup()[pri:0, instance:com.crm.qa.testcases.HomePageTest@31dc339b]" name="setup" is-config="true" duration-ms="21657" started-at="2021-02-07T10:12:44 IST" finished-at="2021-02-07T10:13:06 IST">
          <reporter-output>
          </reporter-output>
        </test-method> <!-- setup -->
        <test-method status="PASS" signature="verifyHomePageTitleTest()[pri:1, instance:com.crm.qa.testcases.HomePageTest@31dc339b]" name="verifyHomePageTitleTest" duration-ms="77" started-at="2021-02-07T10:13:06 IST" finished-at="2021-02-07T10:13:06 IST">
          <reporter-output>
          </reporter-output>
        </test-method> <!-- verifyHomePageTitleTest -->
        <test-method status="PASS" signature="tearDown()[pri:0, instance:com.crm.qa.testcases.HomePageTest@31dc339b]" name="tearDown" is-config="true" duration-ms="1111" started-at="2021-02-07T10:13:06 IST" finished-at="2021-02-07T10:13:07 IST">
          <reporter-output>
          </reporter-output>
        </test-method> <!-- tearDown -->
        <test-method status="FAIL" signature="setup()[pri:0, instance:com.crm.qa.testcases.HomePageTest@31dc339b]" name="setup" is-config="true" duration-ms="606154" started-at="2021-02-07T10:13:07 IST" finished-at="2021-02-07T10:23:13 IST">
          <exception class="org.openqa.selenium.SessionNotCreatedException">
            <message>
              <![CDATA[session not created
from timeout: Timed out receiving message from renderer: 600.000
  (Session info: chrome=88.0.4324.150)
Build info: version: '3.141.59', revision: 'e82be7d358', time: '2018-11-14T08:17:03'
System info: host: 'DESKTOP-25I7L6M', ip: '192.168.43.132', os.name: 'Windows 10', os.arch: 'amd64', os.version: '10.0', java.version: '1.8.0_251'
Driver info: driver.version: ChromeDriver
remote stacktrace: Backtrace:
GetHandleVerifier [0x008BB963+483]
GetHandleVerifier [0x008BB941+449]
GetHandleVerifier [0x00C63308+3832712]
GetHandleVerifier [0x00C5778C+3784716]
GetHandleVerifier [0x00C56A47+3781319]
GetHandleVerifier [0x00C56E36+3782326]
GetHandleVerifier [0x00C56765+3780581]
GetHandleVerifier [0x00C5C420+3804320]
GetHandleVerifier [0x00C56721+3780513]
GetHandleVerifier [0x00C574B2+3783986]
GetHandleVerifier [0x00C56A47+3781319]
GetHandleVerifier [0x00C56E36+3782326]
GetHandleVerifier [0x00C56765+3780581]
GetHandleVerifier [0x00C5B655+3800789]
GetHandleVerifier [0x00C56721+3780513]
GetHandleVerifier [0x00C574B2+3783986]
GetHandleVerifier [0x00C56A47+3781319]
GetHandleVerifier [0x00C56E36+3782326]
GetHandleVerifier [0x00C56765+3780581]
GetHandleVerifier [0x00C52F46+3766214]
GetHandleVerifier [0x00C56721+3780513]
GetHandleVerifier [0x00C56543+3780035]
GetHandleVerifier [0x00C56337+3779511]
GetHandleVerifier [0x00C64540+3837376]
GetHandleVerifier [0x00C9F4BC+4078908]
GetHandleVerifier [0x00C9E56C+4074988]
GetHandleVerifier [0x00C9B2EB+4062059]
GetHandleVerifier [0x00C7ED14+3945876]
GetHandleVerifier [0x00C7FBCE+3949646]
GetHandleVerifier [0x00C7FB59+3949529]
Ordinal0 [0x0087B5CC+46540]
Ordinal0 [0x00879F53+40787]
Ordinal0 [0x00879B12+39698]
GetHandleVerifier [0x00B81468+2907368]
GetHandleVerifier [0x009C71EE+1096302]
GetHandleVerifier [0x00983E8D+821005]
GetHandleVerifier [0x0098396B+819691]
GetHandleVerifier [0x00983881+819457]
GetHandleVerifier [0x009AF463+998627]
BaseThreadInitThunk [0x75ABFA29+25]
RtlGetAppContainerNamedObjectPath [0x77C476B4+228]
RtlGetAppContainerNamedObjectPath [0x77C47684+180]
]]>
            </message>
            <full-stacktrace>
              <![CDATA[org.openqa.selenium.SessionNotCreatedException: session not created
from timeout: Timed out receiving message from renderer: 600.000
  (Session info: chrome=88.0.4324.150)
Build info: version: '3.141.59', revision: 'e82be7d358', time: '2018-11-14T08:17:03'
System info: host: 'DESKTOP-25I7L6M', ip: '192.168.43.132', os.name: 'Windows 10', os.arch: 'amd64', os.version: '10.0', java.version: '1.8.0_251'
Driver info: driver.version: ChromeDriver
remote stacktrace: Backtrace:
GetHandleVerifier [0x008BB963+483]
GetHandleVerifier [0x008BB941+449]
GetHandleVerifier [0x00C63308+3832712]
GetHandleVerifier [0x00C5778C+3784716]
GetHandleVerifier [0x00C56A47+3781319]
GetHandleVerifier [0x00C56E36+3782326]
GetHandleVerifier [0x00C56765+3780581]
GetHandleVerifier [0x00C5C420+3804320]
GetHandleVerifier [0x00C56721+3780513]
GetHandleVerifier [0x00C574B2+3783986]
GetHandleVerifier [0x00C56A47+3781319]
GetHandleVerifier [0x00C56E36+3782326]
GetHandleVerifier [0x00C56765+3780581]
GetHandleVerifier [0x00C5B655+3800789]
GetHandleVerifier [0x00C56721+3780513]
GetHandleVerifier [0x00C574B2+3783986]
GetHandleVerifier [0x00C56A47+3781319]
GetHandleVerifier [0x00C56E36+3782326]
GetHandleVerifier [0x00C56765+3780581]
GetHandleVerifier [0x00C52F46+3766214]
GetHandleVerifier [0x00C56721+3780513]
GetHandleVerifier [0x00C56543+3780035]
GetHandleVerifier [0x00C56337+3779511]
GetHandleVerifier [0x00C64540+3837376]
GetHandleVerifier [0x00C9F4BC+4078908]
GetHandleVerifier [0x00C9E56C+4074988]
GetHandleVerifier [0x00C9B2EB+4062059]
GetHandleVerifier [0x00C7ED14+3945876]
GetHandleVerifier [0x00C7FBCE+3949646]
GetHandleVerifier [0x00C7FB59+3949529]
Ordinal0 [0x0087B5CC+46540]
Ordinal0 [0x00879F53+40787]
Ordinal0 [0x00879B12+39698]
GetHandleVerifier [0x00B81468+2907368]
GetHandleVerifier [0x009C71EE+1096302]
GetHandleVerifier [0x00983E8D+821005]
GetHandleVerifier [0x0098396B+819691]
GetHandleVerifier [0x00983881+819457]
GetHandleVerifier [0x009AF463+998627]
BaseThreadInitThunk [0x75ABFA29+25]
RtlGetAppContainerNamedObjectPath [0x77C476B4+228]
RtlGetAppContainerNamedObjectPath [0x77C47684+180]

at sun.reflect.NativeConstructorAccessorImpl.newInstance0(Native Method)
at sun.reflect.NativeConstructorAccessorImpl.newInstance(NativeConstructorAccessorImpl.java:62)
at sun.reflect.DelegatingConstructorAccessorImpl.newInstance(DelegatingConstructorAccessorImpl.java:45)
at java.lang.reflect.Constructor.newInstance(Constructor.java:423)
at org.openqa.selenium.remote.W3CHandshakeResponse.lambda$errorHandler$0(W3CHandshakeResponse.java:62)
at org.openqa.selenium.remote.HandshakeResponse.lambda$getResponseFunction$0(HandshakeResponse.java:30)
at org.openqa.selenium.remote.ProtocolHandshake.lambda$createSession$0(ProtocolHandshake.java:126)
at java.util.stream.ReferencePipeline$3$1.accept(ReferencePipeline.java:193)
at java.util.Spliterators$ArraySpliterator.tryAdvance(Spliterators.java:958)
at java.util.stream.ReferencePipeline.forEachWithCancel(ReferencePipeline.java:126)
at java.util.stream.AbstractPipeline.copyIntoWithCancel(AbstractPipeline.java:499)
at java.util.stream.AbstractPipeline.copyInto(AbstractPipeline.java:486)
at java.util.stream.AbstractPipeline.wrapAndCopyInto(AbstractPipeline.java:472)
at java.util.stream.FindOps$FindOp.evaluateSequential(FindOps.java:152)
at java.util.stream.AbstractPipeline.evaluate(AbstractPipeline.java:234)
at java.util.stream.ReferencePipeline.findFirst(ReferencePipeline.java:464)
at org.openqa.selenium.remote.ProtocolHandshake.createSession(ProtocolHandshake.java:128)
at org.openqa.selenium.remote.ProtocolHandshake.createSession(ProtocolHandshake.java:74)
at org.openqa.selenium.remote.HttpCommandExecutor.execute(HttpCommandExecutor.java:136)
at org.openqa.selenium.remote.service.DriverCommandExecutor.execute(DriverCommandExecutor.java:83)
at org.openqa.selenium.remote.RemoteWebDriver.execute(RemoteWebDriver.java:552)
at org.openqa.selenium.remote.RemoteWebDriver.startSession(RemoteWebDriver.java:213)
at org.openqa.selenium.remote.RemoteWebDriver.<init>(RemoteWebDriver.java:131)
at org.openqa.selenium.chrome.ChromeDriver.<init>(ChromeDriver.java:181)
at org.openqa.selenium.chrome.ChromeDriver.<init>(ChromeDriver.java:168)
at org.openqa.selenium.chrome.ChromeDriver.<init>(ChromeDriver.java:123)
at com.crm.qa.base.TestBase.initilization(TestBase.java:34)
at com.crm.qa.testcases.HomePageTest.setup(HomePageTest.java:29)
at sun.reflect.NativeMethodAccessorImpl.invoke0(Native Method)
at sun.reflect.NativeMethodAccessorImpl.invoke(NativeMethodAccessorImpl.java:62)
at sun.reflect.DelegatingMethodAccessorImpl.invoke(DelegatingMethodAccessorImpl.java:43)
at java.lang.reflect.Method.invoke(Method.java:498)
at org.testng.internal.MethodInvocationHelper.invokeMethod(MethodInvocationHelper.java:134)
at org.testng.internal.MethodInvocationHelper.invokeMethodConsideringTimeout(MethodInvocationHelper.java:63)
at org.testng.internal.ConfigInvoker.invokeConfigurationMethod(ConfigInvoker.java:348)
at org.testng.internal.ConfigInvoker.invokeConfigurations(ConfigInvoker.java:302)
at org.testng.internal.TestInvoker.runConfigMethods(TestInvoker.java:695)
at org.testng.internal.TestInvoker.invokeMethod(TestInvoker.java:523)
at org.testng.internal.TestInvoker.invokeTestMethod(TestInvoker.java:173)
at org.testng.internal.MethodRunner.runInSequence(MethodRunner.java:46)
at org.testng.internal.TestInvoker$MethodInvocationAgent.invoke(TestInvoker.java:816)
at org.testng.internal.TestInvoker.invokeTestMethods(TestInvoker.java:146)
at org.testng.internal.TestMethodWorker.invokeTestMethods(TestMethodWorker.java:146)
at org.testng.internal.TestMethodWorker.run(TestMethodWorker.java:128)
at java.util.ArrayList.forEach(ArrayList.java:1257)
at org.testng.TestRunner.privateRun(TestRunner.java:766)
at org.testng.TestRunner.run(TestRunner.java:587)
at org.testng.SuiteRunner.runTest(SuiteRunner.java:384)
at org.testng.SuiteRunner.runSequentially(SuiteRunner.java:378)
at org.testng.SuiteRunner.privateRun(SuiteRunner.java:337)
at org.testng.SuiteRunner.run(SuiteRunner.java:286)
at org.testng.SuiteRunnerWorker.runSuite(SuiteRunnerWorker.java:53)
at org.testng.SuiteRunnerWorker.run(SuiteRunnerWorker.java:96)
at org.testng.TestNG.runSuitesSequentially(TestNG.java:1187)
at org.testng.TestNG.runSuitesLocally(TestNG.java:1109)
at org.testng.TestNG.runSuites(TestNG.java:1039)
at org.testng.TestNG.run(TestNG.java:1007)
at org.apache.maven.surefire.testng.TestNGExecutor.run(TestNGExecutor.java:135)
at org.apache.maven.surefire.testng.TestNGDirectoryTestSuite.executeMulti(TestNGDirectoryTestSuite.java:193)
at org.apache.maven.surefire.testng.TestNGDirectoryTestSuite.execute(TestNGDirectoryTestSuite.java:94)
at org.apache.maven.surefire.testng.TestNGProvider.invoke(TestNGProvider.java:146)
at org.apache.maven.surefire.booter.ForkedBooter.invokeProviderInSameClassLoader(ForkedBooter.java:384)
at org.apache.maven.surefire.booter.ForkedBooter.runSuitesInProcess(ForkedBooter.java:345)
at org.apache.maven.surefire.booter.ForkedBooter.execute(ForkedBooter.java:126)
at org.apache.maven.surefire.booter.ForkedBooter.main(ForkedBooter.java:418)
]]>
            </full-stacktrace>
          </exception> <!-- org.openqa.selenium.SessionNotCreatedException -->
          <reporter-output>
          </reporter-output>
        </test-method> <!-- setup -->
        <test-method status="SKIP" signature="verifyUserNameTest()[pri:2, instance:com.crm.qa.testcases.HomePageTest@31dc339b]" name="verifyUserNameTest" duration-ms="0" started-at="2021-02-07T10:23:13 IST" finished-at="2021-02-07T10:23:13 IST">
          <exception class="org.openqa.selenium.SessionNotCreatedException">
            <message>
              <![CDATA[session not created
from timeout: Timed out receiving message from renderer: 600.000
  (Session info: chrome=88.0.4324.150)
Build info: version: '3.141.59', revision: 'e82be7d358', time: '2018-11-14T08:17:03'
System info: host: 'DESKTOP-25I7L6M', ip: '192.168.43.132', os.name: 'Windows 10', os.arch: 'amd64', os.version: '10.0', java.version: '1.8.0_251'
Driver info: driver.version: ChromeDriver
remote stacktrace: Backtrace:
GetHandleVerifier [0x008BB963+483]
GetHandleVerifier [0x008BB941+449]
GetHandleVerifier [0x00C63308+3832712]
GetHandleVerifier [0x00C5778C+3784716]
GetHandleVerifier [0x00C56A47+3781319]
GetHandleVerifier [0x00C56E36+3782326]
GetHandleVerifier [0x00C56765+3780581]
GetHandleVerifier [0x00C5C420+3804320]
GetHandleVerifier [0x00C56721+3780513]
GetHandleVerifier [0x00C574B2+3783986]
GetHandleVerifier [0x00C56A47+3781319]
GetHandleVerifier [0x00C56E36+3782326]
GetHandleVerifier [0x00C56765+3780581]
GetHandleVerifier [0x00C5B655+3800789]
GetHandleVerifier [0x00C56721+3780513]
GetHandleVerifier [0x00C574B2+3783986]
GetHandleVerifier [0x00C56A47+3781319]
GetHandleVerifier [0x00C56E36+3782326]
GetHandleVerifier [0x00C56765+3780581]
GetHandleVerifier [0x00C52F46+3766214]
GetHandleVerifier [0x00C56721+3780513]
GetHandleVerifier [0x00C56543+3780035]
GetHandleVerifier [0x00C56337+3779511]
GetHandleVerifier [0x00C64540+3837376]
GetHandleVerifier [0x00C9F4BC+4078908]
GetHandleVerifier [0x00C9E56C+4074988]
GetHandleVerifier [0x00C9B2EB+4062059]
GetHandleVerifier [0x00C7ED14+3945876]
GetHandleVerifier [0x00C7FBCE+3949646]
GetHandleVerifier [0x00C7FB59+3949529]
Ordinal0 [0x0087B5CC+46540]
Ordinal0 [0x00879F53+40787]
Ordinal0 [0x00879B12+39698]
GetHandleVerifier [0x00B81468+2907368]
GetHandleVerifier [0x009C71EE+1096302]
GetHandleVerifier [0x00983E8D+821005]
GetHandleVerifier [0x0098396B+819691]
GetHandleVerifier [0x00983881+819457]
GetHandleVerifier [0x009AF463+998627]
BaseThreadInitThunk [0x75ABFA29+25]
RtlGetAppContainerNamedObjectPath [0x77C476B4+228]
RtlGetAppContainerNamedObjectPath [0x77C47684+180]
]]>
            </message>
            <full-stacktrace>
              <![CDATA[org.openqa.selenium.SessionNotCreatedException: session not created
from timeout: Timed out receiving message from renderer: 600.000
  (Session info: chrome=88.0.4324.150)
Build info: version: '3.141.59', revision: 'e82be7d358', time: '2018-11-14T08:17:03'
System info: host: 'DESKTOP-25I7L6M', ip: '192.168.43.132', os.name: 'Windows 10', os.arch: 'amd64', os.version: '10.0', java.version: '1.8.0_251'
Driver info: driver.version: ChromeDriver
remote stacktrace: Backtrace:
GetHandleVerifier [0x008BB963+483]
GetHandleVerifier [0x008BB941+449]
GetHandleVerifier [0x00C63308+3832712]
GetHandleVerifier [0x00C5778C+3784716]
GetHandleVerifier [0x00C56A47+3781319]
GetHandleVerifier [0x00C56E36+3782326]
GetHandleVerifier [0x00C56765+3780581]
GetHandleVerifier [0x00C5C420+3804320]
GetHandleVerifier [0x00C56721+3780513]
GetHandleVerifier [0x00C574B2+3783986]
GetHandleVerifier [0x00C56A47+3781319]
GetHandleVerifier [0x00C56E36+3782326]
GetHandleVerifier [0x00C56765+3780581]
GetHandleVerifier [0x00C5B655+3800789]
GetHandleVerifier [0x00C56721+3780513]
GetHandleVerifier [0x00C574B2+3783986]
GetHandleVerifier [0x00C56A47+3781319]
GetHandleVerifier [0x00C56E36+3782326]
GetHandleVerifier [0x00C56765+3780581]
GetHandleVerifier [0x00C52F46+3766214]
GetHandleVerifier [0x00C56721+3780513]
GetHandleVerifier [0x00C56543+3780035]
GetHandleVerifier [0x00C56337+3779511]
GetHandleVerifier [0x00C64540+3837376]
GetHandleVerifier [0x00C9F4BC+4078908]
GetHandleVerifier [0x00C9E56C+4074988]
GetHandleVerifier [0x00C9B2EB+4062059]
GetHandleVerifier [0x00C7ED14+3945876]
GetHandleVerifier [0x00C7FBCE+3949646]
GetHandleVerifier [0x00C7FB59+3949529]
Ordinal0 [0x0087B5CC+46540]
Ordinal0 [0x00879F53+40787]
Ordinal0 [0x00879B12+39698]
GetHandleVerifier [0x00B81468+2907368]
GetHandleVerifier [0x009C71EE+1096302]
GetHandleVerifier [0x00983E8D+821005]
GetHandleVerifier [0x0098396B+819691]
GetHandleVerifier [0x00983881+819457]
GetHandleVerifier [0x009AF463+998627]
BaseThreadInitThunk [0x75ABFA29+25]
RtlGetAppContainerNamedObjectPath [0x77C476B4+228]
RtlGetAppContainerNamedObjectPath [0x77C47684+180]

at sun.reflect.NativeConstructorAccessorImpl.newInstance0(Native Method)
at sun.reflect.NativeConstructorAccessorImpl.newInstance(NativeConstructorAccessorImpl.java:62)
at sun.reflect.DelegatingConstructorAccessorImpl.newInstance(DelegatingConstructorAccessorImpl.java:45)
at java.lang.reflect.Constructor.newInstance(Constructor.java:423)
at org.openqa.selenium.remote.W3CHandshakeResponse.lambda$errorHandler$0(W3CHandshakeResponse.java:62)
at org.openqa.selenium.remote.HandshakeResponse.lambda$getResponseFunction$0(HandshakeResponse.java:30)
at org.openqa.selenium.remote.ProtocolHandshake.lambda$createSession$0(ProtocolHandshake.java:126)
at java.util.stream.ReferencePipeline$3$1.accept(ReferencePipeline.java:193)
at java.util.Spliterators$ArraySpliterator.tryAdvance(Spliterators.java:958)
at java.util.stream.ReferencePipeline.forEachWithCancel(ReferencePipeline.java:126)
at java.util.stream.AbstractPipeline.copyIntoWithCancel(AbstractPipeline.java:499)
at java.util.stream.AbstractPipeline.copyInto(AbstractPipeline.java:486)
at java.util.stream.AbstractPipeline.wrapAndCopyInto(AbstractPipeline.java:472)
at java.util.stream.FindOps$FindOp.evaluateSequential(FindOps.java:152)
at java.util.stream.AbstractPipeline.evaluate(AbstractPipeline.java:234)
at java.util.stream.ReferencePipeline.findFirst(ReferencePipeline.java:464)
at org.openqa.selenium.remote.ProtocolHandshake.createSession(ProtocolHandshake.java:128)
at org.openqa.selenium.remote.ProtocolHandshake.createSession(ProtocolHandshake.java:74)
at org.openqa.selenium.remote.HttpCommandExecutor.execute(HttpCommandExecutor.java:136)
at org.openqa.selenium.remote.service.DriverCommandExecutor.execute(DriverCommandExecutor.java:83)
at org.openqa.selenium.remote.RemoteWebDriver.execute(RemoteWebDriver.java:552)
at org.openqa.selenium.remote.RemoteWebDriver.startSession(RemoteWebDriver.java:213)
at org.openqa.selenium.remote.RemoteWebDriver.<init>(RemoteWebDriver.java:131)
at org.openqa.selenium.chrome.ChromeDriver.<init>(ChromeDriver.java:181)
at org.openqa.selenium.chrome.ChromeDriver.<init>(ChromeDriver.java:168)
at org.openqa.selenium.chrome.ChromeDriver.<init>(ChromeDriver.java:123)
at com.crm.qa.base.TestBase.initilization(TestBase.java:34)
at com.crm.qa.testcases.HomePageTest.setup(HomePageTest.java:29)
at sun.reflect.NativeMethodAccessorImpl.invoke0(Native Method)
at sun.reflect.NativeMethodAccessorImpl.invoke(NativeMethodAccessorImpl.java:62)
at sun.reflect.DelegatingMethodAccessorImpl.invoke(DelegatingMethodAccessorImpl.java:43)
at java.lang.reflect.Method.invoke(Method.java:498)
at org.testng.internal.MethodInvocationHelper.invokeMethod(MethodInvocationHelper.java:134)
at org.testng.internal.MethodInvocationHelper.invokeMethodConsideringTimeout(MethodInvocationHelper.java:63)
at org.testng.internal.ConfigInvoker.invokeConfigurationMethod(ConfigInvoker.java:348)
at org.testng.internal.ConfigInvoker.invokeConfigurations(ConfigInvoker.java:302)
at org.testng.internal.TestInvoker.runConfigMethods(TestInvoker.java:695)
at org.testng.internal.TestInvoker.invokeMethod(TestInvoker.java:523)
at org.testng.internal.TestInvoker.invokeTestMethod(TestInvoker.java:173)
at org.testng.internal.MethodRunner.runInSequence(MethodRunner.java:46)
at org.testng.internal.TestInvoker$MethodInvocationAgent.invoke(TestInvoker.java:816)
at org.testng.internal.TestInvoker.invokeTestMethods(TestInvoker.java:146)
at org.testng.internal.TestMethodWorker.invokeTestMethods(TestMethodWorker.java:146)
at org.testng.internal.TestMethodWorker.run(TestMethodWorker.java:128)
at java.util.ArrayList.forEach(ArrayList.java:1257)
at org.testng.TestRunner.privateRun(TestRunner.java:766)
at org.testng.TestRunner.run(TestRunner.java:587)
at org.testng.SuiteRunner.runTest(SuiteRunner.java:384)
at org.testng.SuiteRunner.runSequentially(SuiteRunner.java:378)
at org.testng.SuiteRunner.privateRun(SuiteRunner.java:337)
at org.testng.SuiteRunner.run(SuiteRunner.java:286)
at org.testng.SuiteRunnerWorker.runSuite(SuiteRunnerWorker.java:53)
at org.testng.SuiteRunnerWorker.run(SuiteRunnerWorker.java:96)
at org.testng.TestNG.runSuitesSequentially(TestNG.java:1187)
at org.testng.TestNG.runSuitesLocally(TestNG.java:1109)
at org.testng.TestNG.runSuites(TestNG.java:1039)
at org.testng.TestNG.run(TestNG.java:1007)
at org.apache.maven.surefire.testng.TestNGExecutor.run(TestNGExecutor.java:135)
at org.apache.maven.surefire.testng.TestNGDirectoryTestSuite.executeMulti(TestNGDirectoryTestSuite.java:193)
at org.apache.maven.surefire.testng.TestNGDirectoryTestSuite.execute(TestNGDirectoryTestSuite.java:94)
at org.apache.maven.surefire.testng.TestNGProvider.invoke(TestNGProvider.java:146)
at org.apache.maven.surefire.booter.ForkedBooter.invokeProviderInSameClassLoader(ForkedBooter.java:384)
at org.apache.maven.surefire.booter.ForkedBooter.runSuitesInProcess(ForkedBooter.java:345)
at org.apache.maven.surefire.booter.ForkedBooter.execute(ForkedBooter.java:126)
at org.apache.maven.surefire.booter.ForkedBooter.main(ForkedBooter.java:418)
]]>
            </full-stacktrace>
          </exception> <!-- org.openqa.selenium.SessionNotCreatedException -->
          <reporter-output>
          </reporter-output>
        </test-method> <!-- verifyUserNameTest -->
        <test-method status="SKIP" signature="tearDown()[pri:0, instance:com.crm.qa.testcases.HomePageTest@31dc339b]" name="tearDown" is-config="true" duration-ms="-1612673593698" started-at="2021-02-07T10:23:13 IST" finished-at="1970-01-01T05:30:00 IST">
          <reporter-output>
          </reporter-output>
        </test-method> <!-- tearDown -->
        <test-method status="SKIP" signature="verifyContactsLinkTest()[pri:3, instance:com.crm.qa.testcases.HomePageTest@31dc339b]" name="verifyContactsLinkTest" duration-ms="0" started-at="2021-02-07T10:23:13 IST" finished-at="2021-02-07T10:23:13 IST">
          <exception class="org.openqa.selenium.SessionNotCreatedException">
            <message>
              <![CDATA[session not created
from timeout: Timed out receiving message from renderer: 600.000
  (Session info: chrome=88.0.4324.150)
Build info: version: '3.141.59', revision: 'e82be7d358', time: '2018-11-14T08:17:03'
System info: host: 'DESKTOP-25I7L6M', ip: '192.168.43.132', os.name: 'Windows 10', os.arch: 'amd64', os.version: '10.0', java.version: '1.8.0_251'
Driver info: driver.version: ChromeDriver
remote stacktrace: Backtrace:
GetHandleVerifier [0x008BB963+483]
GetHandleVerifier [0x008BB941+449]
GetHandleVerifier [0x00C63308+3832712]
GetHandleVerifier [0x00C5778C+3784716]
GetHandleVerifier [0x00C56A47+3781319]
GetHandleVerifier [0x00C56E36+3782326]
GetHandleVerifier [0x00C56765+3780581]
GetHandleVerifier [0x00C5C420+3804320]
GetHandleVerifier [0x00C56721+3780513]
GetHandleVerifier [0x00C574B2+3783986]
GetHandleVerifier [0x00C56A47+3781319]
GetHandleVerifier [0x00C56E36+3782326]
GetHandleVerifier [0x00C56765+3780581]
GetHandleVerifier [0x00C5B655+3800789]
GetHandleVerifier [0x00C56721+3780513]
GetHandleVerifier [0x00C574B2+3783986]
GetHandleVerifier [0x00C56A47+3781319]
GetHandleVerifier [0x00C56E36+3782326]
GetHandleVerifier [0x00C56765+3780581]
GetHandleVerifier [0x00C52F46+3766214]
GetHandleVerifier [0x00C56721+3780513]
GetHandleVerifier [0x00C56543+3780035]
GetHandleVerifier [0x00C56337+3779511]
GetHandleVerifier [0x00C64540+3837376]
GetHandleVerifier [0x00C9F4BC+4078908]
GetHandleVerifier [0x00C9E56C+4074988]
GetHandleVerifier [0x00C9B2EB+4062059]
GetHandleVerifier [0x00C7ED14+3945876]
GetHandleVerifier [0x00C7FBCE+3949646]
GetHandleVerifier [0x00C7FB59+3949529]
Ordinal0 [0x0087B5CC+46540]
Ordinal0 [0x00879F53+40787]
Ordinal0 [0x00879B12+39698]
GetHandleVerifier [0x00B81468+2907368]
GetHandleVerifier [0x009C71EE+1096302]
GetHandleVerifier [0x00983E8D+821005]
GetHandleVerifier [0x0098396B+819691]
GetHandleVerifier [0x00983881+819457]
GetHandleVerifier [0x009AF463+998627]
BaseThreadInitThunk [0x75ABFA29+25]
RtlGetAppContainerNamedObjectPath [0x77C476B4+228]
RtlGetAppContainerNamedObjectPath [0x77C47684+180]
]]>
            </message>
            <full-stacktrace>
              <![CDATA[org.openqa.selenium.SessionNotCreatedException: session not created
from timeout: Timed out receiving message from renderer: 600.000
  (Session info: chrome=88.0.4324.150)
Build info: version: '3.141.59', revision: 'e82be7d358', time: '2018-11-14T08:17:03'
System info: host: 'DESKTOP-25I7L6M', ip: '192.168.43.132', os.name: 'Windows 10', os.arch: 'amd64', os.version: '10.0', java.version: '1.8.0_251'
Driver info: driver.version: ChromeDriver
remote stacktrace: Backtrace:
GetHandleVerifier [0x008BB963+483]
GetHandleVerifier [0x008BB941+449]
GetHandleVerifier [0x00C63308+3832712]
GetHandleVerifier [0x00C5778C+3784716]
GetHandleVerifier [0x00C56A47+3781319]
GetHandleVerifier [0x00C56E36+3782326]
GetHandleVerifier [0x00C56765+3780581]
GetHandleVerifier [0x00C5C420+3804320]
GetHandleVerifier [0x00C56721+3780513]
GetHandleVerifier [0x00C574B2+3783986]
GetHandleVerifier [0x00C56A47+3781319]
GetHandleVerifier [0x00C56E36+3782326]
GetHandleVerifier [0x00C56765+3780581]
GetHandleVerifier [0x00C5B655+3800789]
GetHandleVerifier [0x00C56721+3780513]
GetHandleVerifier [0x00C574B2+3783986]
GetHandleVerifier [0x00C56A47+3781319]
GetHandleVerifier [0x00C56E36+3782326]
GetHandleVerifier [0x00C56765+3780581]
GetHandleVerifier [0x00C52F46+3766214]
GetHandleVerifier [0x00C56721+3780513]
GetHandleVerifier [0x00C56543+3780035]
GetHandleVerifier [0x00C56337+3779511]
GetHandleVerifier [0x00C64540+3837376]
GetHandleVerifier [0x00C9F4BC+4078908]
GetHandleVerifier [0x00C9E56C+4074988]
GetHandleVerifier [0x00C9B2EB+4062059]
GetHandleVerifier [0x00C7ED14+3945876]
GetHandleVerifier [0x00C7FBCE+3949646]
GetHandleVerifier [0x00C7FB59+3949529]
Ordinal0 [0x0087B5CC+46540]
Ordinal0 [0x00879F53+40787]
Ordinal0 [0x00879B12+39698]
GetHandleVerifier [0x00B81468+2907368]
GetHandleVerifier [0x009C71EE+1096302]
GetHandleVerifier [0x00983E8D+821005]
GetHandleVerifier [0x0098396B+819691]
GetHandleVerifier [0x00983881+819457]
GetHandleVerifier [0x009AF463+998627]
BaseThreadInitThunk [0x75ABFA29+25]
RtlGetAppContainerNamedObjectPath [0x77C476B4+228]
RtlGetAppContainerNamedObjectPath [0x77C47684+180]

at sun.reflect.NativeConstructorAccessorImpl.newInstance0(Native Method)
at sun.reflect.NativeConstructorAccessorImpl.newInstance(NativeConstructorAccessorImpl.java:62)
at sun.reflect.DelegatingConstructorAccessorImpl.newInstance(DelegatingConstructorAccessorImpl.java:45)
at java.lang.reflect.Constructor.newInstance(Constructor.java:423)
at org.openqa.selenium.remote.W3CHandshakeResponse.lambda$errorHandler$0(W3CHandshakeResponse.java:62)
at org.openqa.selenium.remote.HandshakeResponse.lambda$getResponseFunction$0(HandshakeResponse.java:30)
at org.openqa.selenium.remote.ProtocolHandshake.lambda$createSession$0(ProtocolHandshake.java:126)
at java.util.stream.ReferencePipeline$3$1.accept(ReferencePipeline.java:193)
at java.util.Spliterators$ArraySpliterator.tryAdvance(Spliterators.java:958)
at java.util.stream.ReferencePipeline.forEachWithCancel(ReferencePipeline.java:126)
at java.util.stream.AbstractPipeline.copyIntoWithCancel(AbstractPipeline.java:499)
at java.util.stream.AbstractPipeline.copyInto(AbstractPipeline.java:486)
at java.util.stream.AbstractPipeline.wrapAndCopyInto(AbstractPipeline.java:472)
at java.util.stream.FindOps$FindOp.evaluateSequential(FindOps.java:152)
at java.util.stream.AbstractPipeline.evaluate(AbstractPipeline.java:234)
at java.util.stream.ReferencePipeline.findFirst(ReferencePipeline.java:464)
at org.openqa.selenium.remote.ProtocolHandshake.createSession(ProtocolHandshake.java:128)
at org.openqa.selenium.remote.ProtocolHandshake.createSession(ProtocolHandshake.java:74)
at org.openqa.selenium.remote.HttpCommandExecutor.execute(HttpCommandExecutor.java:136)
at org.openqa.selenium.remote.service.DriverCommandExecutor.execute(DriverCommandExecutor.java:83)
at org.openqa.selenium.remote.RemoteWebDriver.execute(RemoteWebDriver.java:552)
at org.openqa.selenium.remote.RemoteWebDriver.startSession(RemoteWebDriver.java:213)
at org.openqa.selenium.remote.RemoteWebDriver.<init>(RemoteWebDriver.java:131)
at org.openqa.selenium.chrome.ChromeDriver.<init>(ChromeDriver.java:181)
at org.openqa.selenium.chrome.ChromeDriver.<init>(ChromeDriver.java:168)
at org.openqa.selenium.chrome.ChromeDriver.<init>(ChromeDriver.java:123)
at com.crm.qa.base.TestBase.initilization(TestBase.java:34)
at com.crm.qa.testcases.HomePageTest.setup(HomePageTest.java:29)
at sun.reflect.NativeMethodAccessorImpl.invoke0(Native Method)
at sun.reflect.NativeMethodAccessorImpl.invoke(NativeMethodAccessorImpl.java:62)
at sun.reflect.DelegatingMethodAccessorImpl.invoke(DelegatingMethodAccessorImpl.java:43)
at java.lang.reflect.Method.invoke(Method.java:498)
at org.testng.internal.MethodInvocationHelper.invokeMethod(MethodInvocationHelper.java:134)
at org.testng.internal.MethodInvocationHelper.invokeMethodConsideringTimeout(MethodInvocationHelper.java:63)
at org.testng.internal.ConfigInvoker.invokeConfigurationMethod(ConfigInvoker.java:348)
at org.testng.internal.ConfigInvoker.invokeConfigurations(ConfigInvoker.java:302)
at org.testng.internal.TestInvoker.runConfigMethods(TestInvoker.java:695)
at org.testng.internal.TestInvoker.invokeMethod(TestInvoker.java:523)
at org.testng.internal.TestInvoker.invokeTestMethod(TestInvoker.java:173)
at org.testng.internal.MethodRunner.runInSequence(MethodRunner.java:46)
at org.testng.internal.TestInvoker$MethodInvocationAgent.invoke(TestInvoker.java:816)
at org.testng.internal.TestInvoker.invokeTestMethods(TestInvoker.java:146)
at org.testng.internal.TestMethodWorker.invokeTestMethods(TestMethodWorker.java:146)
at org.testng.internal.TestMethodWorker.run(TestMethodWorker.java:128)
at java.util.ArrayList.forEach(ArrayList.java:1257)
at org.testng.TestRunner.privateRun(TestRunner.java:766)
at org.testng.TestRunner.run(TestRunner.java:587)
at org.testng.SuiteRunner.runTest(SuiteRunner.java:384)
at org.testng.SuiteRunner.runSequentially(SuiteRunner.java:378)
at org.testng.SuiteRunner.privateRun(SuiteRunner.java:337)
at org.testng.SuiteRunner.run(SuiteRunner.java:286)
at org.testng.SuiteRunnerWorker.runSuite(SuiteRunnerWorker.java:53)
at org.testng.SuiteRunnerWorker.run(SuiteRunnerWorker.java:96)
at org.testng.TestNG.runSuitesSequentially(TestNG.java:1187)
at org.testng.TestNG.runSuitesLocally(TestNG.java:1109)
at org.testng.TestNG.runSuites(TestNG.java:1039)
at org.testng.TestNG.run(TestNG.java:1007)
at org.apache.maven.surefire.testng.TestNGExecutor.run(TestNGExecutor.java:135)
at org.apache.maven.surefire.testng.TestNGDirectoryTestSuite.executeMulti(TestNGDirectoryTestSuite.java:193)
at org.apache.maven.surefire.testng.TestNGDirectoryTestSuite.execute(TestNGDirectoryTestSuite.java:94)
at org.apache.maven.surefire.testng.TestNGProvider.invoke(TestNGProvider.java:146)
at org.apache.maven.surefire.booter.ForkedBooter.invokeProviderInSameClassLoader(ForkedBooter.java:384)
at org.apache.maven.surefire.booter.ForkedBooter.runSuitesInProcess(ForkedBooter.java:345)
at org.apache.maven.surefire.booter.ForkedBooter.execute(ForkedBooter.java:126)
at org.apache.maven.surefire.booter.ForkedBooter.main(ForkedBooter.java:418)
]]>
            </full-stacktrace>
          </exception> <!-- org.openqa.selenium.SessionNotCreatedException -->
          <reporter-output>
          </reporter-output>
        </test-method> <!-- verifyContactsLinkTest -->
        <test-method status="SKIP" signature="setup()[pri:0, instance:com.crm.qa.testcases.HomePageTest@31dc339b]" name="setup" is-config="true" duration-ms="-1612673593700" started-at="2021-02-07T10:23:13 IST" finished-at="1970-01-01T05:30:00 IST">
          <reporter-output>
          </reporter-output>
        </test-method> <!-- setup -->
        <test-method status="SKIP" signature="tearDown()[pri:0, instance:com.crm.qa.testcases.HomePageTest@31dc339b]" name="tearDown" is-config="true" duration-ms="-1612673593701" started-at="2021-02-07T10:23:13 IST" finished-at="1970-01-01T05:30:00 IST">
          <reporter-output>
          </reporter-output>
        </test-method> <!-- tearDown -->
      </class> <!-- com.crm.qa.testcases.HomePageTest -->
      <class name="com.crm.qa.testcases.ContactsPageTest">
        <test-method status="PASS" signature="setup()[pri:0, instance:com.crm.qa.testcases.ContactsPageTest@3c0f93f1]" name="setup" is-config="true" duration-ms="64554" started-at="2021-02-07T10:00:22 IST" finished-at="2021-02-07T10:01:26 IST">
          <reporter-output>
          </reporter-output>
        </test-method> <!-- setup -->
        <test-method status="PASS" signature="verifyContactsPageLable()[pri:1, instance:com.crm.qa.testcases.ContactsPageTest@3c0f93f1]" name="verifyContactsPageLable" duration-ms="1395" started-at="2021-02-07T10:01:26 IST" finished-at="2021-02-07T10:01:28 IST">
          <reporter-output>
          </reporter-output>
        </test-method> <!-- verifyContactsPageLable -->
        <test-method status="PASS" signature="tearDown()[pri:0, instance:com.crm.qa.testcases.ContactsPageTest@3c0f93f1]" name="tearDown" is-config="true" duration-ms="1030" started-at="2021-02-07T10:01:28 IST" finished-at="2021-02-07T10:01:29 IST">
          <reporter-output>
          </reporter-output>
        </test-method> <!-- tearDown -->
        <test-method status="PASS" signature="setup()[pri:0, instance:com.crm.qa.testcases.ContactsPageTest@3c0f93f1]" name="setup" is-config="true" duration-ms="30635" started-at="2021-02-07T10:01:29 IST" finished-at="2021-02-07T10:01:59 IST">
          <reporter-output>
          </reporter-output>
        </test-method> <!-- setup -->
        <test-method status="PASS" signature="selectContactsTest()[pri:2, instance:com.crm.qa.testcases.ContactsPageTest@3c0f93f1]" name="selectContactsTest" duration-ms="1323" started-at="2021-02-07T10:01:59 IST" finished-at="2021-02-07T10:02:01 IST">
          <reporter-output>
          </reporter-output>
        </test-method> <!-- selectContactsTest -->
        <test-method status="PASS" signature="tearDown()[pri:0, instance:com.crm.qa.testcases.ContactsPageTest@3c0f93f1]" name="tearDown" is-config="true" duration-ms="1032" started-at="2021-02-07T10:02:01 IST" finished-at="2021-02-07T10:02:02 IST">
          <reporter-output>
          </reporter-output>
        </test-method> <!-- tearDown -->
        <test-method status="PASS" signature="setup()[pri:0, instance:com.crm.qa.testcases.ContactsPageTest@3c0f93f1]" name="setup" is-config="true" duration-ms="15644" started-at="2021-02-07T10:02:05 IST" finished-at="2021-02-07T10:02:21 IST">
          <reporter-output>
          </reporter-output>
        </test-method> <!-- setup -->
        <test-method status="PASS" signature="validateCreateNewContact(java.lang.String, java.lang.String, java.lang.String, java.lang.String)[pri:4, instance:com.crm.qa.testcases.ContactsPageTest@3c0f93f1]" name="validateCreateNewContact" duration-ms="12295" started-at="2021-02-07T10:02:21 IST" data-provider="getCRMTestData" finished-at="2021-02-07T10:02:33 IST">
          <params>
            <param index="0">
              <value>
                <![CDATA[tom]]>
              </value>
            </param>
            <param index="1">
              <value>
                <![CDATA[harry]]>
              </value>
            </param>
            <param index="2">
              <value>
                <![CDATA[lavison]]>
              </value>
            </param>
            <param index="3">
              <value>
                <![CDATA[accenture]]>
              </value>
            </param>
          </params>
          <reporter-output>
          </reporter-output>
        </test-method> <!-- validateCreateNewContact -->
        <test-method status="PASS" signature="tearDown()[pri:0, instance:com.crm.qa.testcases.ContactsPageTest@3c0f93f1]" name="tearDown" is-config="true" duration-ms="1252" started-at="2021-02-07T10:02:33 IST" finished-at="2021-02-07T10:02:35 IST">
          <reporter-output>
          </reporter-output>
        </test-method> <!-- tearDown -->
        <test-method status="FAIL" signature="setup()[pri:0, instance:com.crm.qa.testcases.ContactsPageTest@3c0f93f1]" name="setup" is-config="true" duration-ms="609466" started-at="2021-02-07T10:02:35 IST" finished-at="2021-02-07T10:12:44 IST">
          <exception class="org.openqa.selenium.SessionNotCreatedException">
            <message>
              <![CDATA[session not created
from timeout: Timed out receiving message from renderer: 600.000
  (Session info: chrome=88.0.4324.150)
Build info: version: '3.141.59', revision: 'e82be7d358', time: '2018-11-14T08:17:03'
System info: host: 'DESKTOP-25I7L6M', ip: '192.168.43.132', os.name: 'Windows 10', os.arch: 'amd64', os.version: '10.0', java.version: '1.8.0_251'
Driver info: driver.version: ChromeDriver
remote stacktrace: Backtrace:
GetHandleVerifier [0x008BB963+483]
GetHandleVerifier [0x008BB941+449]
GetHandleVerifier [0x00C63308+3832712]
GetHandleVerifier [0x00C5778C+3784716]
GetHandleVerifier [0x00C56A47+3781319]
GetHandleVerifier [0x00C56E36+3782326]
GetHandleVerifier [0x00C56765+3780581]
GetHandleVerifier [0x00C5FB21+3818401]
GetHandleVerifier [0x00C56721+3780513]
GetHandleVerifier [0x00C574B2+3783986]
GetHandleVerifier [0x00C56A47+3781319]
GetHandleVerifier [0x00C56E36+3782326]
GetHandleVerifier [0x00C56765+3780581]
GetHandleVerifier [0x00C5DF9C+3811356]
GetHandleVerifier [0x00C56721+3780513]
GetHandleVerifier [0x00C574B2+3783986]
GetHandleVerifier [0x00C56A47+3781319]
GetHandleVerifier [0x00C56E36+3782326]
GetHandleVerifier [0x00C56765+3780581]
GetHandleVerifier [0x00C5C392+3804178]
GetHandleVerifier [0x00C56721+3780513]
GetHandleVerifier [0x00C574B2+3783986]
GetHandleVerifier [0x00C56A47+3781319]
GetHandleVerifier [0x00C56E36+3782326]
GetHandleVerifier [0x00C56765+3780581]
GetHandleVerifier [0x00C5B655+3800789]
GetHandleVerifier [0x00C56721+3780513]
GetHandleVerifier [0x00C574B2+3783986]
GetHandleVerifier [0x00C56A47+3781319]
GetHandleVerifier [0x00C56E36+3782326]
GetHandleVerifier [0x00C56765+3780581]
GetHandleVerifier [0x00C52F46+3766214]
GetHandleVerifier [0x00C56721+3780513]
GetHandleVerifier [0x00C56543+3780035]
GetHandleVerifier [0x00C56337+3779511]
GetHandleVerifier [0x00C64540+3837376]
GetHandleVerifier [0x00C9F4BC+4078908]
GetHandleVerifier [0x00C9E56C+4074988]
GetHandleVerifier [0x00C9B2EB+4062059]
GetHandleVerifier [0x00C7ED14+3945876]
GetHandleVerifier [0x00C7FBCE+3949646]
GetHandleVerifier [0x00C7FB59+3949529]
Ordinal0 [0x0087B5CC+46540]
Ordinal0 [0x00879F53+40787]
Ordinal0 [0x00879B12+39698]
GetHandleVerifier [0x00B81468+2907368]
GetHandleVerifier [0x009C71EE+1096302]
GetHandleVerifier [0x00983E8D+821005]
GetHandleVerifier [0x0098396B+819691]
GetHandleVerifier [0x00983881+819457]
GetHandleVerifier [0x009AF463+998627]
BaseThreadInitThunk [0x75ABFA29+25]
RtlGetAppContainerNamedObjectPath [0x77C476B4+228]
RtlGetAppContainerNamedObjectPath [0x77C47684+180]
]]>
            </message>
            <full-stacktrace>
              <![CDATA[org.openqa.selenium.SessionNotCreatedException: session not created
from timeout: Timed out receiving message from renderer: 600.000
  (Session info: chrome=88.0.4324.150)
Build info: version: '3.141.59', revision: 'e82be7d358', time: '2018-11-14T08:17:03'
System info: host: 'DESKTOP-25I7L6M', ip: '192.168.43.132', os.name: 'Windows 10', os.arch: 'amd64', os.version: '10.0', java.version: '1.8.0_251'
Driver info: driver.version: ChromeDriver
remote stacktrace: Backtrace:
GetHandleVerifier [0x008BB963+483]
GetHandleVerifier [0x008BB941+449]
GetHandleVerifier [0x00C63308+3832712]
GetHandleVerifier [0x00C5778C+3784716]
GetHandleVerifier [0x00C56A47+3781319]
GetHandleVerifier [0x00C56E36+3782326]
GetHandleVerifier [0x00C56765+3780581]
GetHandleVerifier [0x00C5FB21+3818401]
GetHandleVerifier [0x00C56721+3780513]
GetHandleVerifier [0x00C574B2+3783986]
GetHandleVerifier [0x00C56A47+3781319]
GetHandleVerifier [0x00C56E36+3782326]
GetHandleVerifier [0x00C56765+3780581]
GetHandleVerifier [0x00C5DF9C+3811356]
GetHandleVerifier [0x00C56721+3780513]
GetHandleVerifier [0x00C574B2+3783986]
GetHandleVerifier [0x00C56A47+3781319]
GetHandleVerifier [0x00C56E36+3782326]
GetHandleVerifier [0x00C56765+3780581]
GetHandleVerifier [0x00C5C392+3804178]
GetHandleVerifier [0x00C56721+3780513]
GetHandleVerifier [0x00C574B2+3783986]
GetHandleVerifier [0x00C56A47+3781319]
GetHandleVerifier [0x00C56E36+3782326]
GetHandleVerifier [0x00C56765+3780581]
GetHandleVerifier [0x00C5B655+3800789]
GetHandleVerifier [0x00C56721+3780513]
GetHandleVerifier [0x00C574B2+3783986]
GetHandleVerifier [0x00C56A47+3781319]
GetHandleVerifier [0x00C56E36+3782326]
GetHandleVerifier [0x00C56765+3780581]
GetHandleVerifier [0x00C52F46+3766214]
GetHandleVerifier [0x00C56721+3780513]
GetHandleVerifier [0x00C56543+3780035]
GetHandleVerifier [0x00C56337+3779511]
GetHandleVerifier [0x00C64540+3837376]
GetHandleVerifier [0x00C9F4BC+4078908]
GetHandleVerifier [0x00C9E56C+4074988]
GetHandleVerifier [0x00C9B2EB+4062059]
GetHandleVerifier [0x00C7ED14+3945876]
GetHandleVerifier [0x00C7FBCE+3949646]
GetHandleVerifier [0x00C7FB59+3949529]
Ordinal0 [0x0087B5CC+46540]
Ordinal0 [0x00879F53+40787]
Ordinal0 [0x00879B12+39698]
GetHandleVerifier [0x00B81468+2907368]
GetHandleVerifier [0x009C71EE+1096302]
GetHandleVerifier [0x00983E8D+821005]
GetHandleVerifier [0x0098396B+819691]
GetHandleVerifier [0x00983881+819457]
GetHandleVerifier [0x009AF463+998627]
BaseThreadInitThunk [0x75ABFA29+25]
RtlGetAppContainerNamedObjectPath [0x77C476B4+228]
RtlGetAppContainerNamedObjectPath [0x77C47684+180]

at sun.reflect.NativeConstructorAccessorImpl.newInstance0(Native Method)
at sun.reflect.NativeConstructorAccessorImpl.newInstance(NativeConstructorAccessorImpl.java:62)
at sun.reflect.DelegatingConstructorAccessorImpl.newInstance(DelegatingConstructorAccessorImpl.java:45)
at java.lang.reflect.Constructor.newInstance(Constructor.java:423)
at org.openqa.selenium.remote.W3CHandshakeResponse.lambda$errorHandler$0(W3CHandshakeResponse.java:62)
at org.openqa.selenium.remote.HandshakeResponse.lambda$getResponseFunction$0(HandshakeResponse.java:30)
at org.openqa.selenium.remote.ProtocolHandshake.lambda$createSession$0(ProtocolHandshake.java:126)
at java.util.stream.ReferencePipeline$3$1.accept(ReferencePipeline.java:193)
at java.util.Spliterators$ArraySpliterator.tryAdvance(Spliterators.java:958)
at java.util.stream.ReferencePipeline.forEachWithCancel(ReferencePipeline.java:126)
at java.util.stream.AbstractPipeline.copyIntoWithCancel(AbstractPipeline.java:499)
at java.util.stream.AbstractPipeline.copyInto(AbstractPipeline.java:486)
at java.util.stream.AbstractPipeline.wrapAndCopyInto(AbstractPipeline.java:472)
at java.util.stream.FindOps$FindOp.evaluateSequential(FindOps.java:152)
at java.util.stream.AbstractPipeline.evaluate(AbstractPipeline.java:234)
at java.util.stream.ReferencePipeline.findFirst(ReferencePipeline.java:464)
at org.openqa.selenium.remote.ProtocolHandshake.createSession(ProtocolHandshake.java:128)
at org.openqa.selenium.remote.ProtocolHandshake.createSession(ProtocolHandshake.java:74)
at org.openqa.selenium.remote.HttpCommandExecutor.execute(HttpCommandExecutor.java:136)
at org.openqa.selenium.remote.service.DriverCommandExecutor.execute(DriverCommandExecutor.java:83)
at org.openqa.selenium.remote.RemoteWebDriver.execute(RemoteWebDriver.java:552)
at org.openqa.selenium.remote.RemoteWebDriver.startSession(RemoteWebDriver.java:213)
at org.openqa.selenium.remote.RemoteWebDriver.<init>(RemoteWebDriver.java:131)
at org.openqa.selenium.chrome.ChromeDriver.<init>(ChromeDriver.java:181)
at org.openqa.selenium.chrome.ChromeDriver.<init>(ChromeDriver.java:168)
at org.openqa.selenium.chrome.ChromeDriver.<init>(ChromeDriver.java:123)
at com.crm.qa.base.TestBase.initilization(TestBase.java:34)
at com.crm.qa.testcases.ContactsPageTest.setup(ContactsPageTest.java:30)
at sun.reflect.NativeMethodAccessorImpl.invoke0(Native Method)
at sun.reflect.NativeMethodAccessorImpl.invoke(NativeMethodAccessorImpl.java:62)
at sun.reflect.DelegatingMethodAccessorImpl.invoke(DelegatingMethodAccessorImpl.java:43)
at java.lang.reflect.Method.invoke(Method.java:498)
at org.testng.internal.MethodInvocationHelper.invokeMethod(MethodInvocationHelper.java:134)
at org.testng.internal.MethodInvocationHelper.invokeMethodConsideringTimeout(MethodInvocationHelper.java:63)
at org.testng.internal.ConfigInvoker.invokeConfigurationMethod(ConfigInvoker.java:348)
at org.testng.internal.ConfigInvoker.invokeConfigurations(ConfigInvoker.java:302)
at org.testng.internal.TestInvoker.runConfigMethods(TestInvoker.java:695)
at org.testng.internal.TestInvoker.invokeMethod(TestInvoker.java:523)
at org.testng.internal.TestInvoker.invokeTestMethod(TestInvoker.java:173)
at org.testng.internal.MethodRunner.runInSequence(MethodRunner.java:46)
at org.testng.internal.TestInvoker$MethodInvocationAgent.invoke(TestInvoker.java:816)
at org.testng.internal.TestInvoker.invokeTestMethods(TestInvoker.java:146)
at org.testng.internal.TestMethodWorker.invokeTestMethods(TestMethodWorker.java:146)
at org.testng.internal.TestMethodWorker.run(TestMethodWorker.java:128)
at java.util.ArrayList.forEach(ArrayList.java:1257)
at org.testng.TestRunner.privateRun(TestRunner.java:766)
at org.testng.TestRunner.run(TestRunner.java:587)
at org.testng.SuiteRunner.runTest(SuiteRunner.java:384)
at org.testng.SuiteRunner.runSequentially(SuiteRunner.java:378)
at org.testng.SuiteRunner.privateRun(SuiteRunner.java:337)
at org.testng.SuiteRunner.run(SuiteRunner.java:286)
at org.testng.SuiteRunnerWorker.runSuite(SuiteRunnerWorker.java:53)
at org.testng.SuiteRunnerWorker.run(SuiteRunnerWorker.java:96)
at org.testng.TestNG.runSuitesSequentially(TestNG.java:1187)
at org.testng.TestNG.runSuitesLocally(TestNG.java:1109)
at org.testng.TestNG.runSuites(TestNG.java:1039)
at org.testng.TestNG.run(TestNG.java:1007)
at org.apache.maven.surefire.testng.TestNGExecutor.run(TestNGExecutor.java:135)
at org.apache.maven.surefire.testng.TestNGDirectoryTestSuite.executeMulti(TestNGDirectoryTestSuite.java:193)
at org.apache.maven.surefire.testng.TestNGDirectoryTestSuite.execute(TestNGDirectoryTestSuite.java:94)
at org.apache.maven.surefire.testng.TestNGProvider.invoke(TestNGProvider.java:146)
at org.apache.maven.surefire.booter.ForkedBooter.invokeProviderInSameClassLoader(ForkedBooter.java:384)
at org.apache.maven.surefire.booter.ForkedBooter.runSuitesInProcess(ForkedBooter.java:345)
at org.apache.maven.surefire.booter.ForkedBooter.execute(ForkedBooter.java:126)
at org.apache.maven.surefire.booter.ForkedBooter.main(ForkedBooter.java:418)
]]>
            </full-stacktrace>
          </exception> <!-- org.openqa.selenium.SessionNotCreatedException -->
          <reporter-output>
          </reporter-output>
        </test-method> <!-- setup -->
        <test-method status="SKIP" signature="validateCreateNewContact(java.lang.String, java.lang.String, java.lang.String, java.lang.String)[pri:4, instance:com.crm.qa.testcases.ContactsPageTest@3c0f93f1]" name="validateCreateNewContact" duration-ms="0" started-at="2021-02-07T10:12:44 IST" data-provider="getCRMTestData" finished-at="2021-02-07T10:12:44 IST">
          <exception class="org.openqa.selenium.SessionNotCreatedException">
            <message>
              <![CDATA[session not created
from timeout: Timed out receiving message from renderer: 600.000
  (Session info: chrome=88.0.4324.150)
Build info: version: '3.141.59', revision: 'e82be7d358', time: '2018-11-14T08:17:03'
System info: host: 'DESKTOP-25I7L6M', ip: '192.168.43.132', os.name: 'Windows 10', os.arch: 'amd64', os.version: '10.0', java.version: '1.8.0_251'
Driver info: driver.version: ChromeDriver
remote stacktrace: Backtrace:
GetHandleVerifier [0x008BB963+483]
GetHandleVerifier [0x008BB941+449]
GetHandleVerifier [0x00C63308+3832712]
GetHandleVerifier [0x00C5778C+3784716]
GetHandleVerifier [0x00C56A47+3781319]
GetHandleVerifier [0x00C56E36+3782326]
GetHandleVerifier [0x00C56765+3780581]
GetHandleVerifier [0x00C5FB21+3818401]
GetHandleVerifier [0x00C56721+3780513]
GetHandleVerifier [0x00C574B2+3783986]
GetHandleVerifier [0x00C56A47+3781319]
GetHandleVerifier [0x00C56E36+3782326]
GetHandleVerifier [0x00C56765+3780581]
GetHandleVerifier [0x00C5DF9C+3811356]
GetHandleVerifier [0x00C56721+3780513]
GetHandleVerifier [0x00C574B2+3783986]
GetHandleVerifier [0x00C56A47+3781319]
GetHandleVerifier [0x00C56E36+3782326]
GetHandleVerifier [0x00C56765+3780581]
GetHandleVerifier [0x00C5C392+3804178]
GetHandleVerifier [0x00C56721+3780513]
GetHandleVerifier [0x00C574B2+3783986]
GetHandleVerifier [0x00C56A47+3781319]
GetHandleVerifier [0x00C56E36+3782326]
GetHandleVerifier [0x00C56765+3780581]
GetHandleVerifier [0x00C5B655+3800789]
GetHandleVerifier [0x00C56721+3780513]
GetHandleVerifier [0x00C574B2+3783986]
GetHandleVerifier [0x00C56A47+3781319]
GetHandleVerifier [0x00C56E36+3782326]
GetHandleVerifier [0x00C56765+3780581]
GetHandleVerifier [0x00C52F46+3766214]
GetHandleVerifier [0x00C56721+3780513]
GetHandleVerifier [0x00C56543+3780035]
GetHandleVerifier [0x00C56337+3779511]
GetHandleVerifier [0x00C64540+3837376]
GetHandleVerifier [0x00C9F4BC+4078908]
GetHandleVerifier [0x00C9E56C+4074988]
GetHandleVerifier [0x00C9B2EB+4062059]
GetHandleVerifier [0x00C7ED14+3945876]
GetHandleVerifier [0x00C7FBCE+3949646]
GetHandleVerifier [0x00C7FB59+3949529]
Ordinal0 [0x0087B5CC+46540]
Ordinal0 [0x00879F53+40787]
Ordinal0 [0x00879B12+39698]
GetHandleVerifier [0x00B81468+2907368]
GetHandleVerifier [0x009C71EE+1096302]
GetHandleVerifier [0x00983E8D+821005]
GetHandleVerifier [0x0098396B+819691]
GetHandleVerifier [0x00983881+819457]
GetHandleVerifier [0x009AF463+998627]
BaseThreadInitThunk [0x75ABFA29+25]
RtlGetAppContainerNamedObjectPath [0x77C476B4+228]
RtlGetAppContainerNamedObjectPath [0x77C47684+180]
]]>
            </message>
            <full-stacktrace>
              <![CDATA[org.openqa.selenium.SessionNotCreatedException: session not created
from timeout: Timed out receiving message from renderer: 600.000
  (Session info: chrome=88.0.4324.150)
Build info: version: '3.141.59', revision: 'e82be7d358', time: '2018-11-14T08:17:03'
System info: host: 'DESKTOP-25I7L6M', ip: '192.168.43.132', os.name: 'Windows 10', os.arch: 'amd64', os.version: '10.0', java.version: '1.8.0_251'
Driver info: driver.version: ChromeDriver
remote stacktrace: Backtrace:
GetHandleVerifier [0x008BB963+483]
GetHandleVerifier [0x008BB941+449]
GetHandleVerifier [0x00C63308+3832712]
GetHandleVerifier [0x00C5778C+3784716]
GetHandleVerifier [0x00C56A47+3781319]
GetHandleVerifier [0x00C56E36+3782326]
GetHandleVerifier [0x00C56765+3780581]
GetHandleVerifier [0x00C5FB21+3818401]
GetHandleVerifier [0x00C56721+3780513]
GetHandleVerifier [0x00C574B2+3783986]
GetHandleVerifier [0x00C56A47+3781319]
GetHandleVerifier [0x00C56E36+3782326]
GetHandleVerifier [0x00C56765+3780581]
GetHandleVerifier [0x00C5DF9C+3811356]
GetHandleVerifier [0x00C56721+3780513]
GetHandleVerifier [0x00C574B2+3783986]
GetHandleVerifier [0x00C56A47+3781319]
GetHandleVerifier [0x00C56E36+3782326]
GetHandleVerifier [0x00C56765+3780581]
GetHandleVerifier [0x00C5C392+3804178]
GetHandleVerifier [0x00C56721+3780513]
GetHandleVerifier [0x00C574B2+3783986]
GetHandleVerifier [0x00C56A47+3781319]
GetHandleVerifier [0x00C56E36+3782326]
GetHandleVerifier [0x00C56765+3780581]
GetHandleVerifier [0x00C5B655+3800789]
GetHandleVerifier [0x00C56721+3780513]
GetHandleVerifier [0x00C574B2+3783986]
GetHandleVerifier [0x00C56A47+3781319]
GetHandleVerifier [0x00C56E36+3782326]
GetHandleVerifier [0x00C56765+3780581]
GetHandleVerifier [0x00C52F46+3766214]
GetHandleVerifier [0x00C56721+3780513]
GetHandleVerifier [0x00C56543+3780035]
GetHandleVerifier [0x00C56337+3779511]
GetHandleVerifier [0x00C64540+3837376]
GetHandleVerifier [0x00C9F4BC+4078908]
GetHandleVerifier [0x00C9E56C+4074988]
GetHandleVerifier [0x00C9B2EB+4062059]
GetHandleVerifier [0x00C7ED14+3945876]
GetHandleVerifier [0x00C7FBCE+3949646]
GetHandleVerifier [0x00C7FB59+3949529]
Ordinal0 [0x0087B5CC+46540]
Ordinal0 [0x00879F53+40787]
Ordinal0 [0x00879B12+39698]
GetHandleVerifier [0x00B81468+2907368]
GetHandleVerifier [0x009C71EE+1096302]
GetHandleVerifier [0x00983E8D+821005]
GetHandleVerifier [0x0098396B+819691]
GetHandleVerifier [0x00983881+819457]
GetHandleVerifier [0x009AF463+998627]
BaseThreadInitThunk [0x75ABFA29+25]
RtlGetAppContainerNamedObjectPath [0x77C476B4+228]
RtlGetAppContainerNamedObjectPath [0x77C47684+180]

at sun.reflect.NativeConstructorAccessorImpl.newInstance0(Native Method)
at sun.reflect.NativeConstructorAccessorImpl.newInstance(NativeConstructorAccessorImpl.java:62)
at sun.reflect.DelegatingConstructorAccessorImpl.newInstance(DelegatingConstructorAccessorImpl.java:45)
at java.lang.reflect.Constructor.newInstance(Constructor.java:423)
at org.openqa.selenium.remote.W3CHandshakeResponse.lambda$errorHandler$0(W3CHandshakeResponse.java:62)
at org.openqa.selenium.remote.HandshakeResponse.lambda$getResponseFunction$0(HandshakeResponse.java:30)
at org.openqa.selenium.remote.ProtocolHandshake.lambda$createSession$0(ProtocolHandshake.java:126)
at java.util.stream.ReferencePipeline$3$1.accept(ReferencePipeline.java:193)
at java.util.Spliterators$ArraySpliterator.tryAdvance(Spliterators.java:958)
at java.util.stream.ReferencePipeline.forEachWithCancel(ReferencePipeline.java:126)
at java.util.stream.AbstractPipeline.copyIntoWithCancel(AbstractPipeline.java:499)
at java.util.stream.AbstractPipeline.copyInto(AbstractPipeline.java:486)
at java.util.stream.AbstractPipeline.wrapAndCopyInto(AbstractPipeline.java:472)
at java.util.stream.FindOps$FindOp.evaluateSequential(FindOps.java:152)
at java.util.stream.AbstractPipeline.evaluate(AbstractPipeline.java:234)
at java.util.stream.ReferencePipeline.findFirst(ReferencePipeline.java:464)
at org.openqa.selenium.remote.ProtocolHandshake.createSession(ProtocolHandshake.java:128)
at org.openqa.selenium.remote.ProtocolHandshake.createSession(ProtocolHandshake.java:74)
at org.openqa.selenium.remote.HttpCommandExecutor.execute(HttpCommandExecutor.java:136)
at org.openqa.selenium.remote.service.DriverCommandExecutor.execute(DriverCommandExecutor.java:83)
at org.openqa.selenium.remote.RemoteWebDriver.execute(RemoteWebDriver.java:552)
at org.openqa.selenium.remote.RemoteWebDriver.startSession(RemoteWebDriver.java:213)
at org.openqa.selenium.remote.RemoteWebDriver.<init>(RemoteWebDriver.java:131)
at org.openqa.selenium.chrome.ChromeDriver.<init>(ChromeDriver.java:181)
at org.openqa.selenium.chrome.ChromeDriver.<init>(ChromeDriver.java:168)
at org.openqa.selenium.chrome.ChromeDriver.<init>(ChromeDriver.java:123)
at com.crm.qa.base.TestBase.initilization(TestBase.java:34)
at com.crm.qa.testcases.ContactsPageTest.setup(ContactsPageTest.java:30)
at sun.reflect.NativeMethodAccessorImpl.invoke0(Native Method)
at sun.reflect.NativeMethodAccessorImpl.invoke(NativeMethodAccessorImpl.java:62)
at sun.reflect.DelegatingMethodAccessorImpl.invoke(DelegatingMethodAccessorImpl.java:43)
at java.lang.reflect.Method.invoke(Method.java:498)
at org.testng.internal.MethodInvocationHelper.invokeMethod(MethodInvocationHelper.java:134)
at org.testng.internal.MethodInvocationHelper.invokeMethodConsideringTimeout(MethodInvocationHelper.java:63)
at org.testng.internal.ConfigInvoker.invokeConfigurationMethod(ConfigInvoker.java:348)
at org.testng.internal.ConfigInvoker.invokeConfigurations(ConfigInvoker.java:302)
at org.testng.internal.TestInvoker.runConfigMethods(TestInvoker.java:695)
at org.testng.internal.TestInvoker.invokeMethod(TestInvoker.java:523)
at org.testng.internal.TestInvoker.invokeTestMethod(TestInvoker.java:173)
at org.testng.internal.MethodRunner.runInSequence(MethodRunner.java:46)
at org.testng.internal.TestInvoker$MethodInvocationAgent.invoke(TestInvoker.java:816)
at org.testng.internal.TestInvoker.invokeTestMethods(TestInvoker.java:146)
at org.testng.internal.TestMethodWorker.invokeTestMethods(TestMethodWorker.java:146)
at org.testng.internal.TestMethodWorker.run(TestMethodWorker.java:128)
at java.util.ArrayList.forEach(ArrayList.java:1257)
at org.testng.TestRunner.privateRun(TestRunner.java:766)
at org.testng.TestRunner.run(TestRunner.java:587)
at org.testng.SuiteRunner.runTest(SuiteRunner.java:384)
at org.testng.SuiteRunner.runSequentially(SuiteRunner.java:378)
at org.testng.SuiteRunner.privateRun(SuiteRunner.java:337)
at org.testng.SuiteRunner.run(SuiteRunner.java:286)
at org.testng.SuiteRunnerWorker.runSuite(SuiteRunnerWorker.java:53)
at org.testng.SuiteRunnerWorker.run(SuiteRunnerWorker.java:96)
at org.testng.TestNG.runSuitesSequentially(TestNG.java:1187)
at org.testng.TestNG.runSuitesLocally(TestNG.java:1109)
at org.testng.TestNG.runSuites(TestNG.java:1039)
at org.testng.TestNG.run(TestNG.java:1007)
at org.apache.maven.surefire.testng.TestNGExecutor.run(TestNGExecutor.java:135)
at org.apache.maven.surefire.testng.TestNGDirectoryTestSuite.executeMulti(TestNGDirectoryTestSuite.java:193)
at org.apache.maven.surefire.testng.TestNGDirectoryTestSuite.execute(TestNGDirectoryTestSuite.java:94)
at org.apache.maven.surefire.testng.TestNGProvider.invoke(TestNGProvider.java:146)
at org.apache.maven.surefire.booter.ForkedBooter.invokeProviderInSameClassLoader(ForkedBooter.java:384)
at org.apache.maven.surefire.booter.ForkedBooter.runSuitesInProcess(ForkedBooter.java:345)
at org.apache.maven.surefire.booter.ForkedBooter.execute(ForkedBooter.java:126)
at org.apache.maven.surefire.booter.ForkedBooter.main(ForkedBooter.java:418)
]]>
            </full-stacktrace>
          </exception> <!-- org.openqa.selenium.SessionNotCreatedException -->
          <reporter-output>
          </reporter-output>
        </test-method> <!-- validateCreateNewContact -->
        <test-method status="SKIP" signature="tearDown()[pri:0, instance:com.crm.qa.testcases.ContactsPageTest@3c0f93f1]" name="tearDown" is-config="true" duration-ms="-1612672964678" started-at="2021-02-07T10:12:44 IST" finished-at="1970-01-01T05:30:00 IST">
          <reporter-output>
          </reporter-output>
        </test-method> <!-- tearDown -->
        <test-method status="SKIP" signature="setup()[pri:0, instance:com.crm.qa.testcases.ContactsPageTest@3c0f93f1]" name="setup" is-config="true" duration-ms="-1612672964680" started-at="2021-02-07T10:12:44 IST" finished-at="1970-01-01T05:30:00 IST">
          <reporter-output>
          </reporter-output>
        </test-method> <!-- setup -->
        <test-method status="SKIP" signature="validateCreateNewContact(java.lang.String, java.lang.String, java.lang.String, java.lang.String)[pri:4, instance:com.crm.qa.testcases.ContactsPageTest@3c0f93f1]" name="validateCreateNewContact" duration-ms="0" started-at="2021-02-07T10:12:44 IST" data-provider="getCRMTestData" finished-at="2021-02-07T10:12:44 IST">
          <exception class="org.openqa.selenium.SessionNotCreatedException">
            <message>
              <![CDATA[session not created
from timeout: Timed out receiving message from renderer: 600.000
  (Session info: chrome=88.0.4324.150)
Build info: version: '3.141.59', revision: 'e82be7d358', time: '2018-11-14T08:17:03'
System info: host: 'DESKTOP-25I7L6M', ip: '192.168.43.132', os.name: 'Windows 10', os.arch: 'amd64', os.version: '10.0', java.version: '1.8.0_251'
Driver info: driver.version: ChromeDriver
remote stacktrace: Backtrace:
GetHandleVerifier [0x008BB963+483]
GetHandleVerifier [0x008BB941+449]
GetHandleVerifier [0x00C63308+3832712]
GetHandleVerifier [0x00C5778C+3784716]
GetHandleVerifier [0x00C56A47+3781319]
GetHandleVerifier [0x00C56E36+3782326]
GetHandleVerifier [0x00C56765+3780581]
GetHandleVerifier [0x00C5FB21+3818401]
GetHandleVerifier [0x00C56721+3780513]
GetHandleVerifier [0x00C574B2+3783986]
GetHandleVerifier [0x00C56A47+3781319]
GetHandleVerifier [0x00C56E36+3782326]
GetHandleVerifier [0x00C56765+3780581]
GetHandleVerifier [0x00C5DF9C+3811356]
GetHandleVerifier [0x00C56721+3780513]
GetHandleVerifier [0x00C574B2+3783986]
GetHandleVerifier [0x00C56A47+3781319]
GetHandleVerifier [0x00C56E36+3782326]
GetHandleVerifier [0x00C56765+3780581]
GetHandleVerifier [0x00C5C392+3804178]
GetHandleVerifier [0x00C56721+3780513]
GetHandleVerifier [0x00C574B2+3783986]
GetHandleVerifier [0x00C56A47+3781319]
GetHandleVerifier [0x00C56E36+3782326]
GetHandleVerifier [0x00C56765+3780581]
GetHandleVerifier [0x00C5B655+3800789]
GetHandleVerifier [0x00C56721+3780513]
GetHandleVerifier [0x00C574B2+3783986]
GetHandleVerifier [0x00C56A47+3781319]
GetHandleVerifier [0x00C56E36+3782326]
GetHandleVerifier [0x00C56765+3780581]
GetHandleVerifier [0x00C52F46+3766214]
GetHandleVerifier [0x00C56721+3780513]
GetHandleVerifier [0x00C56543+3780035]
GetHandleVerifier [0x00C56337+3779511]
GetHandleVerifier [0x00C64540+3837376]
GetHandleVerifier [0x00C9F4BC+4078908]
GetHandleVerifier [0x00C9E56C+4074988]
GetHandleVerifier [0x00C9B2EB+4062059]
GetHandleVerifier [0x00C7ED14+3945876]
GetHandleVerifier [0x00C7FBCE+3949646]
GetHandleVerifier [0x00C7FB59+3949529]
Ordinal0 [0x0087B5CC+46540]
Ordinal0 [0x00879F53+40787]
Ordinal0 [0x00879B12+39698]
GetHandleVerifier [0x00B81468+2907368]
GetHandleVerifier [0x009C71EE+1096302]
GetHandleVerifier [0x00983E8D+821005]
GetHandleVerifier [0x0098396B+819691]
GetHandleVerifier [0x00983881+819457]
GetHandleVerifier [0x009AF463+998627]
BaseThreadInitThunk [0x75ABFA29+25]
RtlGetAppContainerNamedObjectPath [0x77C476B4+228]
RtlGetAppContainerNamedObjectPath [0x77C47684+180]
]]>
            </message>
            <full-stacktrace>
              <![CDATA[org.openqa.selenium.SessionNotCreatedException: session not created
from timeout: Timed out receiving message from renderer: 600.000
  (Session info: chrome=88.0.4324.150)
Build info: version: '3.141.59', revision: 'e82be7d358', time: '2018-11-14T08:17:03'
System info: host: 'DESKTOP-25I7L6M', ip: '192.168.43.132', os.name: 'Windows 10', os.arch: 'amd64', os.version: '10.0', java.version: '1.8.0_251'
Driver info: driver.version: ChromeDriver
remote stacktrace: Backtrace:
GetHandleVerifier [0x008BB963+483]
GetHandleVerifier [0x008BB941+449]
GetHandleVerifier [0x00C63308+3832712]
GetHandleVerifier [0x00C5778C+3784716]
GetHandleVerifier [0x00C56A47+3781319]
GetHandleVerifier [0x00C56E36+3782326]
GetHandleVerifier [0x00C56765+3780581]
GetHandleVerifier [0x00C5FB21+3818401]
GetHandleVerifier [0x00C56721+3780513]
GetHandleVerifier [0x00C574B2+3783986]
GetHandleVerifier [0x00C56A47+3781319]
GetHandleVerifier [0x00C56E36+3782326]
GetHandleVerifier [0x00C56765+3780581]
GetHandleVerifier [0x00C5DF9C+3811356]
GetHandleVerifier [0x00C56721+3780513]
GetHandleVerifier [0x00C574B2+3783986]
GetHandleVerifier [0x00C56A47+3781319]
GetHandleVerifier [0x00C56E36+3782326]
GetHandleVerifier [0x00C56765+3780581]
GetHandleVerifier [0x00C5C392+3804178]
GetHandleVerifier [0x00C56721+3780513]
GetHandleVerifier [0x00C574B2+3783986]
GetHandleVerifier [0x00C56A47+3781319]
GetHandleVerifier [0x00C56E36+3782326]
GetHandleVerifier [0x00C56765+3780581]
GetHandleVerifier [0x00C5B655+3800789]
GetHandleVerifier [0x00C56721+3780513]
GetHandleVerifier [0x00C574B2+3783986]
GetHandleVerifier [0x00C56A47+3781319]
GetHandleVerifier [0x00C56E36+3782326]
GetHandleVerifier [0x00C56765+3780581]
GetHandleVerifier [0x00C52F46+3766214]
GetHandleVerifier [0x00C56721+3780513]
GetHandleVerifier [0x00C56543+3780035]
GetHandleVerifier [0x00C56337+3779511]
GetHandleVerifier [0x00C64540+3837376]
GetHandleVerifier [0x00C9F4BC+4078908]
GetHandleVerifier [0x00C9E56C+4074988]
GetHandleVerifier [0x00C9B2EB+4062059]
GetHandleVerifier [0x00C7ED14+3945876]
GetHandleVerifier [0x00C7FBCE+3949646]
GetHandleVerifier [0x00C7FB59+3949529]
Ordinal0 [0x0087B5CC+46540]
Ordinal0 [0x00879F53+40787]
Ordinal0 [0x00879B12+39698]
GetHandleVerifier [0x00B81468+2907368]
GetHandleVerifier [0x009C71EE+1096302]
GetHandleVerifier [0x00983E8D+821005]
GetHandleVerifier [0x0098396B+819691]
GetHandleVerifier [0x00983881+819457]
GetHandleVerifier [0x009AF463+998627]
BaseThreadInitThunk [0x75ABFA29+25]
RtlGetAppContainerNamedObjectPath [0x77C476B4+228]
RtlGetAppContainerNamedObjectPath [0x77C47684+180]

at sun.reflect.NativeConstructorAccessorImpl.newInstance0(Native Method)
at sun.reflect.NativeConstructorAccessorImpl.newInstance(NativeConstructorAccessorImpl.java:62)
at sun.reflect.DelegatingConstructorAccessorImpl.newInstance(DelegatingConstructorAccessorImpl.java:45)
at java.lang.reflect.Constructor.newInstance(Constructor.java:423)
at org.openqa.selenium.remote.W3CHandshakeResponse.lambda$errorHandler$0(W3CHandshakeResponse.java:62)
at org.openqa.selenium.remote.HandshakeResponse.lambda$getResponseFunction$0(HandshakeResponse.java:30)
at org.openqa.selenium.remote.ProtocolHandshake.lambda$createSession$0(ProtocolHandshake.java:126)
at java.util.stream.ReferencePipeline$3$1.accept(ReferencePipeline.java:193)
at java.util.Spliterators$ArraySpliterator.tryAdvance(Spliterators.java:958)
at java.util.stream.ReferencePipeline.forEachWithCancel(ReferencePipeline.java:126)
at java.util.stream.AbstractPipeline.copyIntoWithCancel(AbstractPipeline.java:499)
at java.util.stream.AbstractPipeline.copyInto(AbstractPipeline.java:486)
at java.util.stream.AbstractPipeline.wrapAndCopyInto(AbstractPipeline.java:472)
at java.util.stream.FindOps$FindOp.evaluateSequential(FindOps.java:152)
at java.util.stream.AbstractPipeline.evaluate(AbstractPipeline.java:234)
at java.util.stream.ReferencePipeline.findFirst(ReferencePipeline.java:464)
at org.openqa.selenium.remote.ProtocolHandshake.createSession(ProtocolHandshake.java:128)
at org.openqa.selenium.remote.ProtocolHandshake.createSession(ProtocolHandshake.java:74)
at org.openqa.selenium.remote.HttpCommandExecutor.execute(HttpCommandExecutor.java:136)
at org.openqa.selenium.remote.service.DriverCommandExecutor.execute(DriverCommandExecutor.java:83)
at org.openqa.selenium.remote.RemoteWebDriver.execute(RemoteWebDriver.java:552)
at org.openqa.selenium.remote.RemoteWebDriver.startSession(RemoteWebDriver.java:213)
at org.openqa.selenium.remote.RemoteWebDriver.<init>(RemoteWebDriver.java:131)
at org.openqa.selenium.chrome.ChromeDriver.<init>(ChromeDriver.java:181)
at org.openqa.selenium.chrome.ChromeDriver.<init>(ChromeDriver.java:168)
at org.openqa.selenium.chrome.ChromeDriver.<init>(ChromeDriver.java:123)
at com.crm.qa.base.TestBase.initilization(TestBase.java:34)
at com.crm.qa.testcases.ContactsPageTest.setup(ContactsPageTest.java:30)
at sun.reflect.NativeMethodAccessorImpl.invoke0(Native Method)
at sun.reflect.NativeMethodAccessorImpl.invoke(NativeMethodAccessorImpl.java:62)
at sun.reflect.DelegatingMethodAccessorImpl.invoke(DelegatingMethodAccessorImpl.java:43)
at java.lang.reflect.Method.invoke(Method.java:498)
at org.testng.internal.MethodInvocationHelper.invokeMethod(MethodInvocationHelper.java:134)
at org.testng.internal.MethodInvocationHelper.invokeMethodConsideringTimeout(MethodInvocationHelper.java:63)
at org.testng.internal.ConfigInvoker.invokeConfigurationMethod(ConfigInvoker.java:348)
at org.testng.internal.ConfigInvoker.invokeConfigurations(ConfigInvoker.java:302)
at org.testng.internal.TestInvoker.runConfigMethods(TestInvoker.java:695)
at org.testng.internal.TestInvoker.invokeMethod(TestInvoker.java:523)
at org.testng.internal.TestInvoker.invokeTestMethod(TestInvoker.java:173)
at org.testng.internal.MethodRunner.runInSequence(MethodRunner.java:46)
at org.testng.internal.TestInvoker$MethodInvocationAgent.invoke(TestInvoker.java:816)
at org.testng.internal.TestInvoker.invokeTestMethods(TestInvoker.java:146)
at org.testng.internal.TestMethodWorker.invokeTestMethods(TestMethodWorker.java:146)
at org.testng.internal.TestMethodWorker.run(TestMethodWorker.java:128)
at java.util.ArrayList.forEach(ArrayList.java:1257)
at org.testng.TestRunner.privateRun(TestRunner.java:766)
at org.testng.TestRunner.run(TestRunner.java:587)
at org.testng.SuiteRunner.runTest(SuiteRunner.java:384)
at org.testng.SuiteRunner.runSequentially(SuiteRunner.java:378)
at org.testng.SuiteRunner.privateRun(SuiteRunner.java:337)
at org.testng.SuiteRunner.run(SuiteRunner.java:286)
at org.testng.SuiteRunnerWorker.runSuite(SuiteRunnerWorker.java:53)
at org.testng.SuiteRunnerWorker.run(SuiteRunnerWorker.java:96)
at org.testng.TestNG.runSuitesSequentially(TestNG.java:1187)
at org.testng.TestNG.runSuitesLocally(TestNG.java:1109)
at org.testng.TestNG.runSuites(TestNG.java:1039)
at org.testng.TestNG.run(TestNG.java:1007)
at org.apache.maven.surefire.testng.TestNGExecutor.run(TestNGExecutor.java:135)
at org.apache.maven.surefire.testng.TestNGDirectoryTestSuite.executeMulti(TestNGDirectoryTestSuite.java:193)
at org.apache.maven.surefire.testng.TestNGDirectoryTestSuite.execute(TestNGDirectoryTestSuite.java:94)
at org.apache.maven.surefire.testng.TestNGProvider.invoke(TestNGProvider.java:146)
at org.apache.maven.surefire.booter.ForkedBooter.invokeProviderInSameClassLoader(ForkedBooter.java:384)
at org.apache.maven.surefire.booter.ForkedBooter.runSuitesInProcess(ForkedBooter.java:345)
at org.apache.maven.surefire.booter.ForkedBooter.execute(ForkedBooter.java:126)
at org.apache.maven.surefire.booter.ForkedBooter.main(ForkedBooter.java:418)
]]>
            </full-stacktrace>
          </exception> <!-- org.openqa.selenium.SessionNotCreatedException -->
          <reporter-output>
          </reporter-output>
        </test-method> <!-- validateCreateNewContact -->
        <test-method status="SKIP" signature="tearDown()[pri:0, instance:com.crm.qa.testcases.ContactsPageTest@3c0f93f1]" name="tearDown" is-config="true" duration-ms="-1612672964683" started-at="2021-02-07T10:12:44 IST" finished-at="1970-01-01T05:30:00 IST">
          <reporter-output>
          </reporter-output>
        </test-method> <!-- tearDown -->
      </class> <!-- com.crm.qa.testcases.ContactsPageTest -->
      <class name="com.crm.qa.testcases.LoginPageTest">
        <test-method status="PASS" signature="setup()[pri:0, instance:com.crm.qa.testcases.LoginPageTest@544fe44c]" name="setup" is-config="true" duration-ms="15063" started-at="2021-02-07T10:23:13 IST" finished-at="2021-02-07T10:23:28 IST">
          <reporter-output>
          </reporter-output>
        </test-method> <!-- setup -->
        <test-method status="PASS" signature="loginPageTitleTest()[pri:1, instance:com.crm.qa.testcases.LoginPageTest@544fe44c]" name="loginPageTitleTest" duration-ms="16" started-at="2021-02-07T10:23:28 IST" finished-at="2021-02-07T10:23:28 IST">
          <reporter-output>
          </reporter-output>
        </test-method> <!-- loginPageTitleTest -->
        <test-method status="PASS" signature="tearDown()[pri:0, instance:com.crm.qa.testcases.LoginPageTest@544fe44c]" name="tearDown" is-config="true" duration-ms="786" started-at="2021-02-07T10:23:28 IST" finished-at="2021-02-07T10:23:29 IST">
          <reporter-output>
          </reporter-output>
        </test-method> <!-- tearDown -->
        <test-method status="PASS" signature="setup()[pri:0, instance:com.crm.qa.testcases.LoginPageTest@544fe44c]" name="setup" is-config="true" duration-ms="9705" started-at="2021-02-07T10:23:29 IST" finished-at="2021-02-07T10:23:39 IST">
          <reporter-output>
          </reporter-output>
        </test-method> <!-- setup -->
        <test-method status="PASS" signature="loginTest()[pri:2, instance:com.crm.qa.testcases.LoginPageTest@544fe44c]" name="loginTest" duration-ms="1291" started-at="2021-02-07T10:23:39 IST" finished-at="2021-02-07T10:23:40 IST">
          <reporter-output>
          </reporter-output>
        </test-method> <!-- loginTest -->
        <test-method status="PASS" signature="tearDown()[pri:0, instance:com.crm.qa.testcases.LoginPageTest@544fe44c]" name="tearDown" is-config="true" duration-ms="800" started-at="2021-02-07T10:23:40 IST" finished-at="2021-02-07T10:23:41 IST">
          <reporter-output>
          </reporter-output>
        </test-method> <!-- tearDown -->
      </class> <!-- com.crm.qa.testcases.LoginPageTest -->
    </test> <!-- Surefire test -->
  </suite> <!-- Surefire suite -->
</testng-results>
