<?xml version="1.0" encoding="UTF-8"?>
<!-- Generated by org.testng.reporters.JUnitReportReporter -->
<testsuite skipped="2" hostname="DESKTOP-25I7L6M" name="com.crm.qa.testcases.HomePageTest" tests="4" failures="0" timestamp="2021-02-07T10:23:42 IST" time="628.999" errors="1">
  <testcase name="setup" time="628.922" classname="com.crm.qa.testcases.HomePageTest">
    <error type="org.openqa.selenium.SessionNotCreatedException" message="session not created
from timeout: Timed out receiving message from renderer: 600.000
  (Session info: chrome=88.0.4324.150)
Build info: version: &#039;3.141.59&#039;, revision: &#039;e82be7d358&#039;, time: &#039;2018-11-14T08:17:03&#039;
System info: host: &#039;DESKTOP-25I7L6M&#039;, ip: &#039;192.168.43.132&#039;, os.name: &#039;Windows 10&#039;, os.arch: &#039;amd64&#039;, os.version: &#039;10.0&#039;, java.version: &#039;1.8.0_251&#039;
Driver info: driver.version: ChromeDriver
remote stacktrace: Backtrace:
	GetHandleVerifier [0x008BB963+483]
	GetHandleVerifier [0x008BB941+449]
	GetHandleVerifier [0x00C63308+3832712]
	GetHandleVerifier [0x00C5778C+3784716]
	GetHandleVerifier [0x00C56A47+3781319]
	GetHandleVerifier [0x00C56E36+3782326]
	GetHandleVerifier [0x00C56765+3780581]
	GetHandleVerifier [0x00C5C420+3804320]
	GetHandleVerifier [0x00C56721+3780513]
	GetHandleVerifier [0x00C574B2+3783986]
	GetHandleVerifier [0x00C56A47+3781319]
	GetHandleVerifier [0x00C56E36+3782326]
	GetHandleVerifier [0x00C56765+3780581]
	GetHandleVerifier [0x00C5B655+3800789]
	GetHandleVerifier [0x00C56721+3780513]
	GetHandleVerifier [0x00C574B2+3783986]
	GetHandleVerifier [0x00C56A47+3781319]
	GetHandleVerifier [0x00C56E36+3782326]
	GetHandleVerifier [0x00C56765+3780581]
	GetHandleVerifier [0x00C52F46+3766214]
	GetHandleVerifier [0x00C56721+3780513]
	GetHandleVerifier [0x00C56543+3780035]
	GetHandleVerifier [0x00C56337+3779511]
	GetHandleVerifier [0x00C64540+3837376]
	GetHandleVerifier [0x00C9F4BC+4078908]
	GetHandleVerifier [0x00C9E56C+4074988]
	GetHandleVerifier [0x00C9B2EB+4062059]
	GetHandleVerifier [0x00C7ED14+3945876]
	GetHandleVerifier [0x00C7FBCE+3949646]
	GetHandleVerifier [0x00C7FB59+3949529]
	Ordinal0 [0x0087B5CC+46540]
	Ordinal0 [0x00879F53+40787]
	Ordinal0 [0x00879B12+39698]
	GetHandleVerifier [0x00B81468+2907368]
	GetHandleVerifier [0x009C71EE+1096302]
	GetHandleVerifier [0x00983E8D+821005]
	GetHandleVerifier [0x0098396B+819691]
	GetHandleVerifier [0x00983881+819457]
	GetHandleVerifier [0x009AF463+998627]
	BaseThreadInitThunk [0x75ABFA29+25]
	RtlGetAppContainerNamedObjectPath [0x77C476B4+228]
	RtlGetAppContainerNamedObjectPath [0x77C47684+180]
">
      <![CDATA[org.openqa.selenium.SessionNotCreatedException: session not created
from timeout: Timed out receiving message from renderer: 600.000
  (Session info: chrome=88.0.4324.150)
Build info: version: '3.141.59', revision: 'e82be7d358', time: '2018-11-14T08:17:03'
System info: host: 'DESKTOP-25I7L6M', ip: '192.168.43.132', os.name: 'Windows 10', os.arch: 'amd64', os.version: '10.0', java.version: '1.8.0_251'
Driver info: driver.version: ChromeDriver
remote stacktrace: Backtrace:
GetHandleVerifier [0x008BB963+483]
GetHandleVerifier [0x008BB941+449]
GetHandleVerifier [0x00C63308+3832712]
GetHandleVerifier [0x00C5778C+3784716]
GetHandleVerifier [0x00C56A47+3781319]
GetHandleVerifier [0x00C56E36+3782326]
GetHandleVerifier [0x00C56765+3780581]
GetHandleVerifier [0x00C5C420+3804320]
GetHandleVerifier [0x00C56721+3780513]
GetHandleVerifier [0x00C574B2+3783986]
GetHandleVerifier [0x00C56A47+3781319]
GetHandleVerifier [0x00C56E36+3782326]
GetHandleVerifier [0x00C56765+3780581]
GetHandleVerifier [0x00C5B655+3800789]
GetHandleVerifier [0x00C56721+3780513]
GetHandleVerifier [0x00C574B2+3783986]
GetHandleVerifier [0x00C56A47+3781319]
GetHandleVerifier [0x00C56E36+3782326]
GetHandleVerifier [0x00C56765+3780581]
GetHandleVerifier [0x00C52F46+3766214]
GetHandleVerifier [0x00C56721+3780513]
GetHandleVerifier [0x00C56543+3780035]
GetHandleVerifier [0x00C56337+3779511]
GetHandleVerifier [0x00C64540+3837376]
GetHandleVerifier [0x00C9F4BC+4078908]
GetHandleVerifier [0x00C9E56C+4074988]
GetHandleVerifier [0x00C9B2EB+4062059]
GetHandleVerifier [0x00C7ED14+3945876]
GetHandleVerifier [0x00C7FBCE+3949646]
GetHandleVerifier [0x00C7FB59+3949529]
Ordinal0 [0x0087B5CC+46540]
Ordinal0 [0x00879F53+40787]
Ordinal0 [0x00879B12+39698]
GetHandleVerifier [0x00B81468+2907368]
GetHandleVerifier [0x009C71EE+1096302]
GetHandleVerifier [0x00983E8D+821005]
GetHandleVerifier [0x0098396B+819691]
GetHandleVerifier [0x00983881+819457]
GetHandleVerifier [0x009AF463+998627]
BaseThreadInitThunk [0x75ABFA29+25]
RtlGetAppContainerNamedObjectPath [0x77C476B4+228]
RtlGetAppContainerNamedObjectPath [0x77C47684+180]

at sun.reflect.NativeConstructorAccessorImpl.newInstance0(Native Method)
at sun.reflect.NativeConstructorAccessorImpl.newInstance(NativeConstructorAccessorImpl.java:62)
at sun.reflect.DelegatingConstructorAccessorImpl.newInstance(DelegatingConstructorAccessorImpl.java:45)
at java.lang.reflect.Constructor.newInstance(Constructor.java:423)
at org.openqa.selenium.remote.W3CHandshakeResponse.lambda$errorHandler$0(W3CHandshakeResponse.java:62)
at org.openqa.selenium.remote.HandshakeResponse.lambda$getResponseFunction$0(HandshakeResponse.java:30)
at org.openqa.selenium.remote.ProtocolHandshake.lambda$createSession$0(ProtocolHandshake.java:126)
at java.util.stream.ReferencePipeline$3$1.accept(ReferencePipeline.java:193)
at java.util.Spliterators$ArraySpliterator.tryAdvance(Spliterators.java:958)
at java.util.stream.ReferencePipeline.forEachWithCancel(ReferencePipeline.java:126)
at java.util.stream.AbstractPipeline.copyIntoWithCancel(AbstractPipeline.java:499)
at java.util.stream.AbstractPipeline.copyInto(AbstractPipeline.java:486)
at java.util.stream.AbstractPipeline.wrapAndCopyInto(AbstractPipeline.java:472)
at java.util.stream.FindOps$FindOp.evaluateSequential(FindOps.java:152)
at java.util.stream.AbstractPipeline.evaluate(AbstractPipeline.java:234)
at java.util.stream.ReferencePipeline.findFirst(ReferencePipeline.java:464)
at org.openqa.selenium.remote.ProtocolHandshake.createSession(ProtocolHandshake.java:128)
at org.openqa.selenium.remote.ProtocolHandshake.createSession(ProtocolHandshake.java:74)
at org.openqa.selenium.remote.HttpCommandExecutor.execute(HttpCommandExecutor.java:136)
at org.openqa.selenium.remote.service.DriverCommandExecutor.execute(DriverCommandExecutor.java:83)
at org.openqa.selenium.remote.RemoteWebDriver.execute(RemoteWebDriver.java:552)
at org.openqa.selenium.remote.RemoteWebDriver.startSession(RemoteWebDriver.java:213)
at org.openqa.selenium.remote.RemoteWebDriver.<init>(RemoteWebDriver.java:131)
at org.openqa.selenium.chrome.ChromeDriver.<init>(ChromeDriver.java:181)
at org.openqa.selenium.chrome.ChromeDriver.<init>(ChromeDriver.java:168)
at org.openqa.selenium.chrome.ChromeDriver.<init>(ChromeDriver.java:123)
at com.crm.qa.base.TestBase.initilization(TestBase.java:34)
at com.crm.qa.testcases.HomePageTest.setup(HomePageTest.java:29)
at sun.reflect.NativeMethodAccessorImpl.invoke0(Native Method)
at sun.reflect.NativeMethodAccessorImpl.invoke(NativeMethodAccessorImpl.java:62)
at sun.reflect.DelegatingMethodAccessorImpl.invoke(DelegatingMethodAccessorImpl.java:43)
at java.lang.reflect.Method.invoke(Method.java:498)
at org.testng.internal.MethodInvocationHelper.invokeMethod(MethodInvocationHelper.java:134)
at org.testng.internal.MethodInvocationHelper.invokeMethodConsideringTimeout(MethodInvocationHelper.java:63)
at org.testng.internal.ConfigInvoker.invokeConfigurationMethod(ConfigInvoker.java:348)
at org.testng.internal.ConfigInvoker.invokeConfigurations(ConfigInvoker.java:302)
at org.testng.internal.TestInvoker.runConfigMethods(TestInvoker.java:695)
at org.testng.internal.TestInvoker.invokeMethod(TestInvoker.java:523)
at org.testng.internal.TestInvoker.invokeTestMethod(TestInvoker.java:173)
at org.testng.internal.MethodRunner.runInSequence(MethodRunner.java:46)
at org.testng.internal.TestInvoker$MethodInvocationAgent.invoke(TestInvoker.java:816)
at org.testng.internal.TestInvoker.invokeTestMethods(TestInvoker.java:146)
at org.testng.internal.TestMethodWorker.invokeTestMethods(TestMethodWorker.java:146)
at org.testng.internal.TestMethodWorker.run(TestMethodWorker.java:128)
at java.util.ArrayList.forEach(ArrayList.java:1257)
at org.testng.TestRunner.privateRun(TestRunner.java:766)
at org.testng.TestRunner.run(TestRunner.java:587)
at org.testng.SuiteRunner.runTest(SuiteRunner.java:384)
at org.testng.SuiteRunner.runSequentially(SuiteRunner.java:378)
at org.testng.SuiteRunner.privateRun(SuiteRunner.java:337)
at org.testng.SuiteRunner.run(SuiteRunner.java:286)
at org.testng.SuiteRunnerWorker.runSuite(SuiteRunnerWorker.java:53)
at org.testng.SuiteRunnerWorker.run(SuiteRunnerWorker.java:96)
at org.testng.TestNG.runSuitesSequentially(TestNG.java:1187)
at org.testng.TestNG.runSuitesLocally(TestNG.java:1109)
at org.testng.TestNG.runSuites(TestNG.java:1039)
at org.testng.TestNG.run(TestNG.java:1007)
at org.apache.maven.surefire.testng.TestNGExecutor.run(TestNGExecutor.java:135)
at org.apache.maven.surefire.testng.TestNGDirectoryTestSuite.executeMulti(TestNGDirectoryTestSuite.java:193)
at org.apache.maven.surefire.testng.TestNGDirectoryTestSuite.execute(TestNGDirectoryTestSuite.java:94)
at org.apache.maven.surefire.testng.TestNGProvider.invoke(TestNGProvider.java:146)
at org.apache.maven.surefire.booter.ForkedBooter.invokeProviderInSameClassLoader(ForkedBooter.java:384)
at org.apache.maven.surefire.booter.ForkedBooter.runSuitesInProcess(ForkedBooter.java:345)
at org.apache.maven.surefire.booter.ForkedBooter.execute(ForkedBooter.java:126)
at org.apache.maven.surefire.booter.ForkedBooter.main(ForkedBooter.java:418)
]]>
    </error>
  </testcase> <!-- setup -->
  <system-out/>
  <testcase name="verifyHomePageTitleTest" time="0.077" classname="com.crm.qa.testcases.HomePageTest"/>
  <system-out/>
  <testcase name="verifyUserNameTest" time="0.000" classname="com.crm.qa.testcases.HomePageTest">
    <skipped/>
  </testcase> <!-- verifyUserNameTest -->
  <system-out/>
  <testcase name="verifyContactsLinkTest" time="0.000" classname="com.crm.qa.testcases.HomePageTest">
    <skipped/>
  </testcase> <!-- verifyContactsLinkTest -->
  <system-out/>
</testsuite> <!-- com.crm.qa.testcases.HomePageTest -->
